Using pre-set license
Pro License: NO

 COMMAND LINE ARGUMENTS:
/Applications/Unity/Hub/Editor/2021.1.17f1/Unity.app/Contents/MacOS/Unity
-adb2
-batchMode
-noUpm
-name
AssetImportWorker0
-projectPath
/Users/anvilnguyen/Documents/GithubLocal/einclair
-logFile
Logs/AssetImportWorker0.log
-srvPort
50451
Successfully changed project path to: /Users/anvilnguyen/Documents/GithubLocal/einclair
/Users/anvilnguyen/Documents/GithubLocal/einclair
Using Asset Import Pipeline V2.
Refreshing native plugins compatible for Editor in 194.76 ms, found 3 plugins.
Preloading 0 native plugins for Editor in 0.00 ms.
Initialize engine version: 2021.1.17f1 (03b40fe07a36)
[Subsystems] Discovering subsystems at path /Applications/Unity/Hub/Editor/2021.1.17f1/Unity.app/Contents/Resources/UnitySubsystems
[Subsystems] Discovering subsystems at path /Users/anvilnguyen/Documents/GithubLocal/einclair/Assets
GfxDevice: creating device client; threaded=0; jobified=0
2021-12-09 15:15:40.522 Unity[3124:75613] DELL S2719DM preferred device: AMD Radeon Pro 560 (high power)
2021-12-09 15:15:40.522 Unity[3124:75613] Metal devices available: 2
2021-12-09 15:15:40.522 Unity[3124:75613] 0: AMD Radeon Pro 560 (high power)
2021-12-09 15:15:40.523 Unity[3124:75613] 1: Intel(R) HD Graphics 630 (low power)
2021-12-09 15:15:40.523 Unity[3124:75613] Using device AMD Radeon Pro 560 (high power)
Initializing Metal device caps: AMD Radeon Pro 560
Initialize mono
Mono path[0] = '/Applications/Unity/Hub/Editor/2021.1.17f1/Unity.app/Contents/Managed'
Mono path[1] = '/Applications/Unity/Hub/Editor/2021.1.17f1/Unity.app/Contents/MonoBleedingEdge/lib/mono/unityjit'
Mono config path = '/Applications/Unity/Hub/Editor/2021.1.17f1/Unity.app/Contents/MonoBleedingEdge/etc'
Using monoOptions --debugger-agent=transport=dt_socket,embedding=1,server=y,suspend=n,address=127.0.0.1:56124
Begin MonoManager ReloadAssembly
Registering precompiled unity dll's ...
Register platform support module: /Applications/Unity/Hub/Editor/2021.1.17f1/Unity.app/Contents/PlaybackEngines/MacStandaloneSupport/UnityEditor.OSXStandalone.Extensions.dll
Register platform support module: /Applications/Unity/Hub/Editor/2021.1.17f1/PlaybackEngines/WindowsStandaloneSupport/UnityEditor.WindowsStandalone.Extensions.dll
Registered in 0.004956 seconds.
Native extension for WindowsStandalone target not found
Native extension for OSXStandalone target not found
Refreshing native plugins compatible for Editor in 200.02 ms, found 3 plugins.
Preloading 0 native plugins for Editor in 0.00 ms.
Mono: successfully reloaded assembly
- Completed reload, in  3.836 seconds
Domain Reload Profiling:
	ReloadAssembly (3836ms)
		BeginReloadAssembly (114ms)
			ExecutionOrderSort (0ms)
			DisableScriptedObjects (0ms)
			BackupInstance (0ms)
			ReleaseScriptingObjects (0ms)
			CreateAndSetChildDomain (1ms)
		EndReloadAssembly (794ms)
			LoadAssemblies (115ms)
			RebuildTransferFunctionScriptingTraits (0ms)
			SetupTypeCache (268ms)
			ReleaseScriptCaches (0ms)
			RebuildScriptCaches (51ms)
			SetupLoadedEditorAssemblies (416ms)
				LogAssemblyErrors (0ms)
				InitializePlatformSupportModulesInManaged (8ms)
				SetLoadedEditorAssemblies (0ms)
				RefreshPlugins (200ms)
				BeforeProcessingInitializeOnLoad (2ms)
				ProcessInitializeOnLoadAttributes (158ms)
				ProcessInitializeOnLoadMethodAttributes (47ms)
				AfterProcessingInitializeOnLoad (0ms)
				EditorAssembliesLoaded (0ms)
			ExecutionOrderSort2 (0ms)
			AwakeInstancesAfterBackupRestoration (0ms)
Platform modules already initialized, skipping
Registering precompiled user dll's ...
Registered in 0.011061 seconds.
Begin MonoManager ReloadAssembly
Symbol file LoadedFromMemory doesn't match image /Users/anvilnguyen/Documents/GithubLocal/einclair/Library/PackageCache/com.unity.visualscripting@1.6.1/Editor/VisualScripting.Core/Dependencies/YamlDotNet/Unity.VisualScripting.YamlDotNet.dll
Symbol file LoadedFromMemory doesn't match image /Users/anvilnguyen/Documents/GithubLocal/einclair/Library/PackageCache/com.unity.visualscripting@1.6.1/Editor/VisualScripting.Core/Dependencies/DotNetZip/Unity.VisualScripting.IonicZip.dll
Native extension for WindowsStandalone target not found
Native extension for OSXStandalone target not found
Refreshing native plugins compatible for Editor in 206.86 ms, found 3 plugins.
Preloading 0 native plugins for Editor in 0.00 ms.
Mono: successfully reloaded assembly
- Completed reload, in  2.628 seconds
Domain Reload Profiling:
	ReloadAssembly (2629ms)
		BeginReloadAssembly (227ms)
			ExecutionOrderSort (0ms)
			DisableScriptedObjects (6ms)
			BackupInstance (0ms)
			ReleaseScriptingObjects (0ms)
			CreateAndSetChildDomain (52ms)
		EndReloadAssembly (2309ms)
			LoadAssemblies (178ms)
			RebuildTransferFunctionScriptingTraits (0ms)
			SetupTypeCache (761ms)
			ReleaseScriptCaches (1ms)
			RebuildScriptCaches (129ms)
			SetupLoadedEditorAssemblies (1064ms)
				LogAssemblyErrors (0ms)
				InitializePlatformSupportModulesInManaged (5ms)
				SetLoadedEditorAssemblies (0ms)
				RefreshPlugins (207ms)
				BeforeProcessingInitializeOnLoad (138ms)
				ProcessInitializeOnLoadAttributes (540ms)
				ProcessInitializeOnLoadMethodAttributes (173ms)
				AfterProcessingInitializeOnLoad (2ms)
				EditorAssembliesLoaded (0ms)
			ExecutionOrderSort2 (0ms)
			AwakeInstancesAfterBackupRestoration (10ms)
Platform modules already initialized, skipping
========================================================================
Worker process is ready to serve import requests
Launching external process: /Applications/Unity/Hub/Editor/2021.1.17f1/Unity.app/Contents/Tools/UnityShaderCompiler
Launched and connected shader compiler UnityShaderCompiler after 0.03 seconds
Refreshing native plugins compatible for Editor in 1.29 ms, found 3 plugins.
Preloading 0 native plugins for Editor in 0.00 ms.
Unloading 5743 Unused Serialized files (Serialized files now loaded: 0)
System memory in use before: 357.8 MB.
System memory in use after: 358.2 MB.

Unloading 64 unused Assets to reduce memory usage. Loaded Objects now: 6191.
Total: 6.037000 ms (FindLiveObjects: 0.586407 ms CreateObjectMapping: 0.539861 ms MarkObjects: 4.810218 ms  DeleteObjects: 0.099266 ms)

AssetImportParameters requested are different than current active one (requested -> active):
  custom:video-decoder-ogg-theora: a1e56fd34408186e4bbccfd4996cb3dc -> 
  custom:container-muxer-webm: aa71ff27fc2769a1b78a27578f13a17b -> 
  custom:container-demuxer-webm: 4f35f7cbe854078d1ac9338744f61a02 -> 
  custom:container-demuxer-ogg: 62fdf1f143b41e24485cea50d1cbac27 -> 
  custom:video-encoder-webm-vp8: eb34c28f22e8b96e1ab97ce403110664 -> 
  custom:framework-osx-AVFoundation: b23960f63f64bdc6ff669e2cdcee2391 -> 
  custom:video-decoder-webm-vp8: 9c59270c3fd7afecdb556c50c9e8de78 -> 
  custom:audio-decoder-ogg-vorbis: bf7c407c2cedff20999df2af8eb42d56 -> 
  custom:audio-encoder-webm-vorbis: bf7c407c2cedff20999df2af8eb42d56 -> 
========================================================================
Received Import Request.
  path: ProjectSettings/TagManager.asset
  artifactKey: Guid(00000000000000003000000000000000) Importer(815301076,1909f56bfc062723c751e8b465ee728b)
Start importing ProjectSettings/TagManager.asset using Guid(00000000000000003000000000000000) Importer(815301076,1909f56bfc062723c751e8b465ee728b)  -> (artifact id: '9c4fcd0e1264fb3a136558caf39c0949') in 0.562643 seconds 
========================================================================
Received Import Request.
  Time since last request: 779.172155 seconds.
  path: Assets/Samples/Markup Attributes/0.4.0/Markup Attributes Samples/Samples/CompactTexture/ShaderLabOnlySample.mat
  artifactKey: Guid(46df76bec9263464f98d49ef702ed049) Importer(815301076,1909f56bfc062723c751e8b465ee728b)
Start importing Assets/Samples/Markup Attributes/0.4.0/Markup Attributes Samples/Samples/CompactTexture/ShaderLabOnlySample.mat using Guid(46df76bec9263464f98d49ef702ed049) Importer(815301076,1909f56bfc062723c751e8b465ee728b)  -> (artifact id: 'd6fcb012064dc8cc51a979adf913cdac') in 0.468499 seconds 
========================================================================
Received Import Request.
  Time since last request: 0.000272 seconds.
  path: Assets/Samples/Markup Attributes/0.4.0/Markup Attributes Samples/Samples/CustomizedInspector/CustomizedShaderGUI.mat
  artifactKey: Guid(44692baff039d704fa8b6d7e8732066b) Importer(815301076,1909f56bfc062723c751e8b465ee728b)
Start importing Assets/Samples/Markup Attributes/0.4.0/Markup Attributes Samples/Samples/CustomizedInspector/CustomizedShaderGUI.mat using Guid(44692baff039d704fa8b6d7e8732066b) Importer(815301076,1909f56bfc062723c751e8b465ee728b)  -> (artifact id: '780899d7187fe9f5bbdbdc0cb99dc822') in 0.015929 seconds 
========================================================================
Received Import Request.
  Time since last request: 0.241625 seconds.
  path: Assets/_Core/Scripts/Engine/Door.cs
  artifactKey: Guid(debf1bda9c4bc43c1a1edcc023095f85) Importer(2089858483,934ff659095e30574adcf32a4c2f97b5)
Start importing Assets/_Core/Scripts/Engine/Door.cs using Guid(debf1bda9c4bc43c1a1edcc023095f85) Importer(2089858483,934ff659095e30574adcf32a4c2f97b5)  -> (artifact id: '9f9bef927130b23a967146851bec1917') in 0.631729 seconds 
========================================================================
Received Import Request.
  Time since last request: 0.000270 seconds.
  path: Assets/_Core/Resources/Scriptable Objects/Game Modes/StoryMode.asset
  artifactKey: Guid(845fcea4bc70b417888e15d514c82b59) Importer(2089858483,934ff659095e30574adcf32a4c2f97b5)
Start importing Assets/_Core/Resources/Scriptable Objects/Game Modes/StoryMode.asset using Guid(845fcea4bc70b417888e15d514c82b59) Importer(2089858483,934ff659095e30574adcf32a4c2f97b5)  -> (artifact id: '289ff3b81cbeed75ec4bfd44fdb2f931') in 0.013131 seconds 
========================================================================
Received Import Request.
  Time since last request: 0.000305 seconds.
  path: Assets/_Core/Scripts/SceneManagement/StoryMode.cs
  artifactKey: Guid(344c9968cbb1e404e9068188f6f6aacb) Importer(2089858483,934ff659095e30574adcf32a4c2f97b5)
Start importing Assets/_Core/Scripts/SceneManagement/StoryMode.cs using Guid(344c9968cbb1e404e9068188f6f6aacb) Importer(2089858483,934ff659095e30574adcf32a4c2f97b5)  -> (artifact id: '9bf3d8160c0e0f3d865bd449f3ab29be') in 0.005757 seconds 
========================================================================
Received Import Request.
  Time since last request: 0.000270 seconds.
  path: Assets/_Core/Scripts/SceneManagement/Director.cs
  artifactKey: Guid(74b620612b2e1473db9000be5df26054) Importer(2089858483,934ff659095e30574adcf32a4c2f97b5)
Start importing Assets/_Core/Scripts/SceneManagement/Director.cs using Guid(74b620612b2e1473db9000be5df26054) Importer(2089858483,934ff659095e30574adcf32a4c2f97b5)  -> (artifact id: 'aa3e4b581b60b32c8f8c69300417bcb4') in 0.005917 seconds 
========================================================================
Received Import Request.
  Time since last request: 0.000207 seconds.
  path: Assets/Plugins/Scripts/Utils/SceneReference.cs
  artifactKey: Guid(a6a1e2dcbb5854c47876ae08c0cf409d) Importer(2089858483,934ff659095e30574adcf32a4c2f97b5)
Start importing Assets/Plugins/Scripts/Utils/SceneReference.cs using Guid(a6a1e2dcbb5854c47876ae08c0cf409d) Importer(2089858483,934ff659095e30574adcf32a4c2f97b5)  -> (artifact id: '0f338413349a7c8d0d6a047ddaa0a4b1') in 0.009775 seconds 
========================================================================
Received Import Request.
  Time since last request: 0.000353 seconds.
  path: Assets/Plugins/Scripts/SceneManagement/LocalSceneOnly.cs
  artifactKey: Guid(4a933792cbd9d4fb4aa0ee48435198ba) Importer(2089858483,934ff659095e30574adcf32a4c2f97b5)
Start importing Assets/Plugins/Scripts/SceneManagement/LocalSceneOnly.cs using Guid(4a933792cbd9d4fb4aa0ee48435198ba) Importer(2089858483,934ff659095e30574adcf32a4c2f97b5)  -> (artifact id: 'f853fdbdf40a8b1b660e64fc9c2dceeb') in 0.007808 seconds 
========================================================================
Received Import Request.
  Time since last request: 0.000273 seconds.
  path: Assets/_Core/Scripts/Interaction/Navigation/NavigationClip.cs
  artifactKey: Guid(39fd2a8fe810940c7981ea44ad3a1cf1) Importer(2089858483,934ff659095e30574adcf32a4c2f97b5)
Start importing Assets/_Core/Scripts/Interaction/Navigation/NavigationClip.cs using Guid(39fd2a8fe810940c7981ea44ad3a1cf1) Importer(2089858483,934ff659095e30574adcf32a4c2f97b5)  -> (artifact id: '81a7a8fb21239415facd6563878e97f6') in 0.005719 seconds 
========================================================================
Received Import Request.
  Time since last request: 0.000256 seconds.
  path: Assets/_Core/Map/Map.asset
  artifactKey: Guid(e49449de16dff4ed7ad02aded9fede30) Importer(2089858483,934ff659095e30574adcf32a4c2f97b5)
Start importing Assets/_Core/Map/Map.asset using Guid(e49449de16dff4ed7ad02aded9fede30) Importer(2089858483,934ff659095e30574adcf32a4c2f97b5)  -> (artifact id: '9d02eae2b3ddcadef5da6c4f25780c51') in 0.040762 seconds 
========================================================================
Received Import Request.
  Time since last request: 0.000280 seconds.
  path: Assets/Scenes/Official/Shaft1.unity
  artifactKey: Guid(7978c77403ca54aad95ce7a9a9b3cff8) Importer(2089858483,934ff659095e30574adcf32a4c2f97b5)
Start importing Assets/Scenes/Official/Shaft1.unity using Guid(7978c77403ca54aad95ce7a9a9b3cff8) Importer(2089858483,934ff659095e30574adcf32a4c2f97b5)  -> (artifact id: '68a86266bd564cfe0fb7d534eca788db') in 0.005009 seconds 
========================================================================
Received Import Request.
  Time since last request: 0.000234 seconds.
  path: Assets/Plugins/Scripts/SceneManagement/GameMode.cs
  artifactKey: Guid(1bdf213113a3345cf9bc83e6aa05f917) Importer(2089858483,934ff659095e30574adcf32a4c2f97b5)
Start importing Assets/Plugins/Scripts/SceneManagement/GameMode.cs using Guid(1bdf213113a3345cf9bc83e6aa05f917) Importer(2089858483,934ff659095e30574adcf32a4c2f97b5)  -> (artifact id: '0b6c0899e373958aee3912a856c16b60') in 0.008375 seconds 
========================================================================
Received Import Request.
  Time since last request: 13.981938 seconds.
  path: Assets/Scenes/Official/Shaft1.unity
  artifactKey: Guid(7978c77403ca54aad95ce7a9a9b3cff8) Importer(2089858483,934ff659095e30574adcf32a4c2f97b5)
Start importing Assets/Scenes/Official/Shaft1.unity using Guid(7978c77403ca54aad95ce7a9a9b3cff8) Importer(2089858483,934ff659095e30574adcf32a4c2f97b5)  -> (artifact id: '9802772a6c9fd9de96da3e4e869a8a64') in 0.005172 seconds 
========================================================================
Received Import Request.
  Time since last request: 20.677543 seconds.
  path: Assets/_Core/Rendering/Shaders/Shader Graphs_Glow.mat
  artifactKey: Guid(fb762a21997f44ec1a2a2b5db6fe5eb8) Importer(815301076,1909f56bfc062723c751e8b465ee728b)
Start importing Assets/_Core/Rendering/Shaders/Shader Graphs_Glow.mat using Guid(fb762a21997f44ec1a2a2b5db6fe5eb8) Importer(815301076,1909f56bfc062723c751e8b465ee728b)  -> (artifact id: 'b7e646e45d8d4e3995cc5afc923cc525') in 0.049234 seconds 
========================================================================
Received Import Request.
  Time since last request: 0.874970 seconds.
  path: Assets/_Core/Rendering/Shaders/Shader Graphs_Glow.mat
  artifactKey: Guid(fb762a21997f44ec1a2a2b5db6fe5eb8) Importer(2089858483,934ff659095e30574adcf32a4c2f97b5)
Start importing Assets/_Core/Rendering/Shaders/Shader Graphs_Glow.mat using Guid(fb762a21997f44ec1a2a2b5db6fe5eb8) Importer(2089858483,934ff659095e30574adcf32a4c2f97b5)  -> (artifact id: '5cc2a3d0f72b53e388384a8c0161cef6') in 0.013331 seconds 
========================================================================
Received Import Request.
  Time since last request: 6.268055 seconds.
  path: Assets/_Core/Rendering/Material/Fog.mat
  artifactKey: Guid(fb762a21997f44ec1a2a2b5db6fe5eb8) Importer(815301076,1909f56bfc062723c751e8b465ee728b)
Start importing Assets/_Core/Rendering/Material/Fog.mat using Guid(fb762a21997f44ec1a2a2b5db6fe5eb8) Importer(815301076,1909f56bfc062723c751e8b465ee728b)  -> (artifact id: '56a902a7d83f60d89e7f92353f4b8fa4') in 0.015630 seconds 
========================================================================
Received Import Request.
  Time since last request: 0.923308 seconds.
  path: Assets/_Core/Rendering/Material/Fog.mat
  artifactKey: Guid(fb762a21997f44ec1a2a2b5db6fe5eb8) Importer(2089858483,934ff659095e30574adcf32a4c2f97b5)
Start importing Assets/_Core/Rendering/Material/Fog.mat using Guid(fb762a21997f44ec1a2a2b5db6fe5eb8) Importer(2089858483,934ff659095e30574adcf32a4c2f97b5)  -> (artifact id: '22b5298384b37e4957d4f73234fc486b') in 0.008898 seconds 
========================================================================
Received Import Request.
  Time since last request: 48.128660 seconds.
  path: Packages/com.unity.2d.sprite/Editor/ObjectMenuCreation/DefaultAssets/Textures/Square.png
  artifactKey: Guid(48e93eef0688c4a259cb0eddcd8661f7) Importer(815301076,1909f56bfc062723c751e8b465ee728b)
Start importing Packages/com.unity.2d.sprite/Editor/ObjectMenuCreation/DefaultAssets/Textures/Square.png using Guid(48e93eef0688c4a259cb0eddcd8661f7) Importer(815301076,1909f56bfc062723c751e8b465ee728b)  -> (artifact id: '107bfa4889984664ef9c267e6ffb8a5b') in 0.622741 seconds 
========================================================================
Received Import Request.
  Time since last request: 6.602745 seconds.
  path: Assets/_Core/Rendering/Material/Fog.mat
  artifactKey: Guid(fb762a21997f44ec1a2a2b5db6fe5eb8) Importer(815301076,1909f56bfc062723c751e8b465ee728b)
Start importing Assets/_Core/Rendering/Material/Fog.mat using Guid(fb762a21997f44ec1a2a2b5db6fe5eb8) Importer(815301076,1909f56bfc062723c751e8b465ee728b)  -> (artifact id: 'e4097d138a6bcc7cbae9c1e8a3375e78') in 0.018444 seconds 
========================================================================
Received Import Request.
  Time since last request: 0.899658 seconds.
  path: Assets/_Core/Rendering/Material/Fog.mat
  artifactKey: Guid(fb762a21997f44ec1a2a2b5db6fe5eb8) Importer(2089858483,934ff659095e30574adcf32a4c2f97b5)
Start importing Assets/_Core/Rendering/Material/Fog.mat using Guid(fb762a21997f44ec1a2a2b5db6fe5eb8) Importer(2089858483,934ff659095e30574adcf32a4c2f97b5)  -> (artifact id: '53f24f736c21b6142f29cd195212466b') in 0.009955 seconds 
========================================================================
Received Import Request.
  Time since last request: 0.000296 seconds.
  path: Assets/Scenes/Official/Shaft1.unity
  artifactKey: Guid(7978c77403ca54aad95ce7a9a9b3cff8) Importer(2089858483,934ff659095e30574adcf32a4c2f97b5)
Start importing Assets/Scenes/Official/Shaft1.unity using Guid(7978c77403ca54aad95ce7a9a9b3cff8) Importer(2089858483,934ff659095e30574adcf32a4c2f97b5)  -> (artifact id: 'b66999956d2191ff6cc1bd7b347645f9') in 0.006808 seconds 
========================================================================
Received Import Request.
  Time since last request: 62.433034 seconds.
  path: Assets/_Core/Rendering/Shaders/Glow.shadergraph
  artifactKey: Guid(19b3720e83c7542c49eaaa13a1d268c3) Importer(815301076,1909f56bfc062723c751e8b465ee728b)
Start importing Assets/_Core/Rendering/Shaders/Glow.shadergraph using Guid(19b3720e83c7542c49eaaa13a1d268c3) Importer(815301076,1909f56bfc062723c751e8b465ee728b)  -> (artifact id: '6be7ff9e2d5a70e7411b028dc7e00592') in 0.146561 seconds 
========================================================================
Received Prepare
Registering precompiled user dll's ...
Registered in 0.010344 seconds.
Begin MonoManager ReloadAssembly
Symbol file LoadedFromMemory doesn't match image /Users/anvilnguyen/Documents/GithubLocal/einclair/Library/PackageCache/com.unity.visualscripting@1.6.1/Editor/VisualScripting.Core/Dependencies/YamlDotNet/Unity.VisualScripting.YamlDotNet.dll
Symbol file LoadedFromMemory doesn't match image /Users/anvilnguyen/Documents/GithubLocal/einclair/Library/PackageCache/com.unity.visualscripting@1.6.1/Editor/VisualScripting.Core/Dependencies/DotNetZip/Unity.VisualScripting.IonicZip.dll
Native extension for WindowsStandalone target not found
Native extension for OSXStandalone target not found
Refreshing native plugins compatible for Editor in 1.46 ms, found 3 plugins.
Preloading 0 native plugins for Editor in 0.00 ms.
System.Reflection.TargetInvocationException: Exception has been thrown by the target of an invocation. ---> System.NullReferenceException: Object reference not set to an instance of an object
  at XNodeEditor.NodeEditorAssetModProcessor.OnReloadEditor () [0x0004b] in /Users/anvilnguyen/Documents/GithubLocal/einclair/Library/PackageCache/com.github.siccity.xnode@286b9a167a/Scripts/Editor/NodeEditorAssetModProcessor.cs:55 
  at (wrapper managed-to-native) System.Reflection.MonoMethod.InternalInvoke(System.Reflection.MonoMethod,object,object[],System.Exception&)
  at System.Reflection.MonoMethod.Invoke (System.Object obj, System.Reflection.BindingFlags invokeAttr, System.Reflection.Binder binder, System.Object[] parameters, System.Globalization.CultureInfo culture) [0x00032] in <695d1cc93cca45069c528c15c9fdd749>:0 
   --- End of inner exception stack trace ---
  at System.Reflection.MonoMethod.Invoke (System.Object obj, System.Reflection.BindingFlags invokeAttr, System.Reflection.Binder binder, System.Object[] parameters, System.Globalization.CultureInfo culture) [0x00048] in <695d1cc93cca45069c528c15c9fdd749>:0 
  at System.Reflection.MethodBase.Invoke (System.Object obj, System.Object[] parameters) [0x00000] in <695d1cc93cca45069c528c15c9fdd749>:0 
  at UnityEditor.EditorAssemblies.ProcessInitializeOnLoadMethodAttributes () [0x00047] in /Users/bokken/buildslave/unity/build/Editor/Mono/EditorAssemblies.cs:154 
UnityEngine.StackTraceUtility:ExtractStackTrace () (at /Users/bokken/buildslave/unity/build/Runtime/Export/Scripting/StackTrace.cs:37)
UnityEngine.DebugLogHandler:LogFormat (UnityEngine.LogType,UnityEngine.Object,string,object[])
UnityEngine.Logger:Log (UnityEngine.LogType,object)
UnityEngine.Debug:LogError (object)
UnityEditor.EditorAssemblies:ProcessInitializeOnLoadMethodAttributes () (at /Users/bokken/buildslave/unity/build/Editor/Mono/EditorAssemblies.cs:158)

(Filename: /Users/bokken/buildslave/unity/build/Editor/Mono/EditorAssemblies.cs Line: 158)

Mono: successfully reloaded assembly
- Completed reload, in  2.423 seconds
Domain Reload Profiling:
	ReloadAssembly (2423ms)
		BeginReloadAssembly (282ms)
			ExecutionOrderSort (0ms)
			DisableScriptedObjects (9ms)
			BackupInstance (0ms)
			ReleaseScriptingObjects (0ms)
			CreateAndSetChildDomain (122ms)
		EndReloadAssembly (2055ms)
			LoadAssemblies (222ms)
			RebuildTransferFunctionScriptingTraits (0ms)
			SetupTypeCache (722ms)
			ReleaseScriptCaches (3ms)
			RebuildScriptCaches (101ms)
			SetupLoadedEditorAssemblies (771ms)
				LogAssemblyErrors (0ms)
				InitializePlatformSupportModulesInManaged (6ms)
				SetLoadedEditorAssemblies (1ms)
				RefreshPlugins (2ms)
				BeforeProcessingInitializeOnLoad (90ms)
				ProcessInitializeOnLoadAttributes (479ms)
				ProcessInitializeOnLoadMethodAttributes (192ms)
				AfterProcessingInitializeOnLoad (2ms)
				EditorAssembliesLoaded (0ms)
			ExecutionOrderSort2 (0ms)
			AwakeInstancesAfterBackupRestoration (27ms)
Platform modules already initialized, skipping
Refreshing native plugins compatible for Editor in 1.36 ms, found 3 plugins.
Preloading 0 native plugins for Editor in 0.00 ms.
Unloading 5614 Unused Serialized files (Serialized files now loaded: 0)
System memory in use before: 384.7 MB.
System memory in use after: 385.2 MB.

Unloading 51 unused Assets to reduce memory usage. Loaded Objects now: 6292.
Total: 5.331433 ms (FindLiveObjects: 0.515359 ms CreateObjectMapping: 0.390468 ms MarkObjects: 4.389001 ms  DeleteObjects: 0.035643 ms)

AssetImportParameters requested are different than current active one (requested -> active):
  custom:video-decoder-ogg-theora: a1e56fd34408186e4bbccfd4996cb3dc -> 
  custom:container-muxer-webm: aa71ff27fc2769a1b78a27578f13a17b -> 
  custom:container-demuxer-webm: 4f35f7cbe854078d1ac9338744f61a02 -> 
  custom:container-demuxer-ogg: 62fdf1f143b41e24485cea50d1cbac27 -> 
  custom:video-encoder-webm-vp8: eb34c28f22e8b96e1ab97ce403110664 -> 
  custom:framework-osx-AVFoundation: b23960f63f64bdc6ff669e2cdcee2391 -> 
  custom:video-decoder-webm-vp8: 9c59270c3fd7afecdb556c50c9e8de78 -> 
  custom:audio-decoder-ogg-vorbis: bf7c407c2cedff20999df2af8eb42d56 -> 
  custom:audio-encoder-webm-vorbis: bf7c407c2cedff20999df2af8eb42d56 -> 
========================================================================
Received Import Request.
  Time since last request: 19.857762 seconds.
  path: Assets/_Core/Rendering/Shaders/Glow.shadergraph
  artifactKey: Guid(19b3720e83c7542c49eaaa13a1d268c3) Importer(815301076,1909f56bfc062723c751e8b465ee728b)
Start importing Assets/_Core/Rendering/Shaders/Glow.shadergraph using Guid(19b3720e83c7542c49eaaa13a1d268c3) Importer(815301076,1909f56bfc062723c751e8b465ee728b)  -> (artifact id: 'a8abf2fb9b43008f0d93bd07afe3cb88') in 0.020313 seconds 
========================================================================
Received Import Request.
  Time since last request: 8.138803 seconds.
  path: Assets/_Core/Rendering/Shaders/Glow.shadergraph
  artifactKey: Guid(19b3720e83c7542c49eaaa13a1d268c3) Importer(815301076,1909f56bfc062723c751e8b465ee728b)
Start importing Assets/_Core/Rendering/Shaders/Glow.shadergraph using Guid(19b3720e83c7542c49eaaa13a1d268c3) Importer(815301076,1909f56bfc062723c751e8b465ee728b)  -> (artifact id: '43e3f36d269cc18b9dc159af588db519') in 0.002489 seconds 
========================================================================
Received Import Request.
  Time since last request: 207.214234 seconds.
  path: Assets/_Core/Rendering/Material/Fog.mat
  artifactKey: Guid(fb762a21997f44ec1a2a2b5db6fe5eb8) Importer(815301076,1909f56bfc062723c751e8b465ee728b)
Start importing Assets/_Core/Rendering/Material/Fog.mat using Guid(fb762a21997f44ec1a2a2b5db6fe5eb8) Importer(815301076,1909f56bfc062723c751e8b465ee728b)  -> (artifact id: '1c580849bc198e8e4e9071827638c2d1') in 0.173225 seconds 
========================================================================
Received Prepare
Registering precompiled user dll's ...
Registered in 0.014941 seconds.
Begin MonoManager ReloadAssembly
Symbol file LoadedFromMemory doesn't match image /Users/anvilnguyen/Documents/GithubLocal/einclair/Library/PackageCache/com.unity.visualscripting@1.6.1/Editor/VisualScripting.Core/Dependencies/YamlDotNet/Unity.VisualScripting.YamlDotNet.dll
Symbol file LoadedFromMemory doesn't match image /Users/anvilnguyen/Documents/GithubLocal/einclair/Library/PackageCache/com.unity.visualscripting@1.6.1/Editor/VisualScripting.Core/Dependencies/DotNetZip/Unity.VisualScripting.IonicZip.dll
Native extension for WindowsStandalone target not found
Native extension for OSXStandalone target not found
Refreshing native plugins compatible for Editor in 1.30 ms, found 3 plugins.
Preloading 0 native plugins for Editor in 0.00 ms.
System.Reflection.TargetInvocationException: Exception has been thrown by the target of an invocation. ---> System.NullReferenceException: Object reference not set to an instance of an object
  at XNodeEditor.NodeEditorAssetModProcessor.OnReloadEditor () [0x0004b] in /Users/anvilnguyen/Documents/GithubLocal/einclair/Library/PackageCache/com.github.siccity.xnode@286b9a167a/Scripts/Editor/NodeEditorAssetModProcessor.cs:55 
  at (wrapper managed-to-native) System.Reflection.MonoMethod.InternalInvoke(System.Reflection.MonoMethod,object,object[],System.Exception&)
  at System.Reflection.MonoMethod.Invoke (System.Object obj, System.Reflection.BindingFlags invokeAttr, System.Reflection.Binder binder, System.Object[] parameters, System.Globalization.CultureInfo culture) [0x00032] in <695d1cc93cca45069c528c15c9fdd749>:0 
   --- End of inner exception stack trace ---
  at System.Reflection.MonoMethod.Invoke (System.Object obj, System.Reflection.BindingFlags invokeAttr, System.Reflection.Binder binder, System.Object[] parameters, System.Globalization.CultureInfo culture) [0x00048] in <695d1cc93cca45069c528c15c9fdd749>:0 
  at System.Reflection.MethodBase.Invoke (System.Object obj, System.Object[] parameters) [0x00000] in <695d1cc93cca45069c528c15c9fdd749>:0 
  at UnityEditor.EditorAssemblies.ProcessInitializeOnLoadMethodAttributes () [0x00047] in /Users/bokken/buildslave/unity/build/Editor/Mono/EditorAssemblies.cs:154 
UnityEngine.StackTraceUtility:ExtractStackTrace () (at /Users/bokken/buildslave/unity/build/Runtime/Export/Scripting/StackTrace.cs:37)
UnityEngine.DebugLogHandler:LogFormat (UnityEngine.LogType,UnityEngine.Object,string,object[])
UnityEngine.Logger:Log (UnityEngine.LogType,object)
UnityEngine.Debug:LogError (object)
UnityEditor.EditorAssemblies:ProcessInitializeOnLoadMethodAttributes () (at /Users/bokken/buildslave/unity/build/Editor/Mono/EditorAssemblies.cs:158)

(Filename: /Users/bokken/buildslave/unity/build/Editor/Mono/EditorAssemblies.cs Line: 158)

Mono: successfully reloaded assembly
- Completed reload, in  2.229 seconds
Domain Reload Profiling:
	ReloadAssembly (2229ms)
		BeginReloadAssembly (237ms)
			ExecutionOrderSort (0ms)
			DisableScriptedObjects (10ms)
			BackupInstance (0ms)
			ReleaseScriptingObjects (0ms)
			CreateAndSetChildDomain (118ms)
		EndReloadAssembly (1901ms)
			LoadAssemblies (210ms)
			RebuildTransferFunctionScriptingTraits (0ms)
			SetupTypeCache (701ms)
			ReleaseScriptCaches (2ms)
			RebuildScriptCaches (83ms)
			SetupLoadedEditorAssemblies (704ms)
				LogAssemblyErrors (0ms)
				InitializePlatformSupportModulesInManaged (6ms)
				SetLoadedEditorAssemblies (1ms)
				RefreshPlugins (1ms)
				BeforeProcessingInitializeOnLoad (83ms)
				ProcessInitializeOnLoadAttributes (461ms)
				ProcessInitializeOnLoadMethodAttributes (150ms)
				AfterProcessingInitializeOnLoad (2ms)
				EditorAssembliesLoaded (0ms)
			ExecutionOrderSort2 (0ms)
			AwakeInstancesAfterBackupRestoration (26ms)
Platform modules already initialized, skipping
Refreshing native plugins compatible for Editor in 1.33 ms, found 3 plugins.
Preloading 0 native plugins for Editor in 0.00 ms.
Unloading 5613 Unused Serialized files (Serialized files now loaded: 0)
System memory in use before: 385.2 MB.
System memory in use after: 385.7 MB.

Unloading 50 unused Assets to reduce memory usage. Loaded Objects now: 6334.
Total: 5.685633 ms (FindLiveObjects: 0.498009 ms CreateObjectMapping: 0.355068 ms MarkObjects: 4.794493 ms  DeleteObjects: 0.037192 ms)

AssetImportParameters requested are different than current active one (requested -> active):
  custom:video-decoder-ogg-theora: a1e56fd34408186e4bbccfd4996cb3dc -> 
  custom:container-muxer-webm: aa71ff27fc2769a1b78a27578f13a17b -> 
  custom:container-demuxer-webm: 4f35f7cbe854078d1ac9338744f61a02 -> 
  custom:container-demuxer-ogg: 62fdf1f143b41e24485cea50d1cbac27 -> 
  custom:video-encoder-webm-vp8: eb34c28f22e8b96e1ab97ce403110664 -> 
  custom:framework-osx-AVFoundation: b23960f63f64bdc6ff669e2cdcee2391 -> 
  custom:video-decoder-webm-vp8: 9c59270c3fd7afecdb556c50c9e8de78 -> 
  custom:audio-decoder-ogg-vorbis: bf7c407c2cedff20999df2af8eb42d56 -> 
  custom:audio-encoder-webm-vorbis: bf7c407c2cedff20999df2af8eb42d56 -> 
========================================================================
Received Prepare
Registering precompiled user dll's ...
Registered in 0.009028 seconds.
Begin MonoManager ReloadAssembly
Symbol file LoadedFromMemory doesn't match image /Users/anvilnguyen/Documents/GithubLocal/einclair/Library/PackageCache/com.unity.visualscripting@1.6.1/Editor/VisualScripting.Core/Dependencies/YamlDotNet/Unity.VisualScripting.YamlDotNet.dll
Symbol file LoadedFromMemory doesn't match image /Users/anvilnguyen/Documents/GithubLocal/einclair/Library/PackageCache/com.unity.visualscripting@1.6.1/Editor/VisualScripting.Core/Dependencies/DotNetZip/Unity.VisualScripting.IonicZip.dll
Native extension for WindowsStandalone target not found
Native extension for OSXStandalone target not found
Refreshing native plugins compatible for Editor in 1.37 ms, found 3 plugins.
Preloading 0 native plugins for Editor in 0.00 ms.
System.Reflection.TargetInvocationException: Exception has been thrown by the target of an invocation. ---> System.NullReferenceException: Object reference not set to an instance of an object
  at XNodeEditor.NodeEditorAssetModProcessor.OnReloadEditor () [0x0004b] in /Users/anvilnguyen/Documents/GithubLocal/einclair/Library/PackageCache/com.github.siccity.xnode@286b9a167a/Scripts/Editor/NodeEditorAssetModProcessor.cs:55 
  at (wrapper managed-to-native) System.Reflection.MonoMethod.InternalInvoke(System.Reflection.MonoMethod,object,object[],System.Exception&)
  at System.Reflection.MonoMethod.Invoke (System.Object obj, System.Reflection.BindingFlags invokeAttr, System.Reflection.Binder binder, System.Object[] parameters, System.Globalization.CultureInfo culture) [0x00032] in <695d1cc93cca45069c528c15c9fdd749>:0 
   --- End of inner exception stack trace ---
  at System.Reflection.MonoMethod.Invoke (System.Object obj, System.Reflection.BindingFlags invokeAttr, System.Reflection.Binder binder, System.Object[] parameters, System.Globalization.CultureInfo culture) [0x00048] in <695d1cc93cca45069c528c15c9fdd749>:0 
  at System.Reflection.MethodBase.Invoke (System.Object obj, System.Object[] parameters) [0x00000] in <695d1cc93cca45069c528c15c9fdd749>:0 
  at UnityEditor.EditorAssemblies.ProcessInitializeOnLoadMethodAttributes () [0x00047] in /Users/bokken/buildslave/unity/build/Editor/Mono/EditorAssemblies.cs:154 
UnityEngine.StackTraceUtility:ExtractStackTrace () (at /Users/bokken/buildslave/unity/build/Runtime/Export/Scripting/StackTrace.cs:37)
UnityEngine.DebugLogHandler:LogFormat (UnityEngine.LogType,UnityEngine.Object,string,object[])
UnityEngine.Logger:Log (UnityEngine.LogType,object)
UnityEngine.Debug:LogError (object)
UnityEditor.EditorAssemblies:ProcessInitializeOnLoadMethodAttributes () (at /Users/bokken/buildslave/unity/build/Editor/Mono/EditorAssemblies.cs:158)

(Filename: /Users/bokken/buildslave/unity/build/Editor/Mono/EditorAssemblies.cs Line: 158)

Mono: successfully reloaded assembly
- Completed reload, in  2.219 seconds
Domain Reload Profiling:
	ReloadAssembly (2220ms)
		BeginReloadAssembly (241ms)
			ExecutionOrderSort (0ms)
			DisableScriptedObjects (11ms)
			BackupInstance (0ms)
			ReleaseScriptingObjects (0ms)
			CreateAndSetChildDomain (117ms)
		EndReloadAssembly (1891ms)
			LoadAssemblies (221ms)
			RebuildTransferFunctionScriptingTraits (0ms)
			SetupTypeCache (648ms)
			ReleaseScriptCaches (2ms)
			RebuildScriptCaches (93ms)
			SetupLoadedEditorAssemblies (730ms)
				LogAssemblyErrors (0ms)
				InitializePlatformSupportModulesInManaged (6ms)
				SetLoadedEditorAssemblies (1ms)
				RefreshPlugins (1ms)
				BeforeProcessingInitializeOnLoad (92ms)
				ProcessInitializeOnLoadAttributes (478ms)
				ProcessInitializeOnLoadMethodAttributes (151ms)
				AfterProcessingInitializeOnLoad (1ms)
				EditorAssembliesLoaded (0ms)
			ExecutionOrderSort2 (0ms)
			AwakeInstancesAfterBackupRestoration (26ms)
Platform modules already initialized, skipping
Refreshing native plugins compatible for Editor in 1.36 ms, found 3 plugins.
Preloading 0 native plugins for Editor in 0.00 ms.
Unloading 5613 Unused Serialized files (Serialized files now loaded: 0)
System memory in use before: 385.6 MB.
System memory in use after: 386.1 MB.

Unloading 50 unused Assets to reduce memory usage. Loaded Objects now: 6338.
Total: 6.841199 ms (FindLiveObjects: 0.724264 ms CreateObjectMapping: 0.532784 ms MarkObjects: 5.537287 ms  DeleteObjects: 0.045576 ms)

AssetImportParameters requested are different than current active one (requested -> active):
  custom:video-decoder-ogg-theora: a1e56fd34408186e4bbccfd4996cb3dc -> 
  custom:container-muxer-webm: aa71ff27fc2769a1b78a27578f13a17b -> 
  custom:container-demuxer-webm: 4f35f7cbe854078d1ac9338744f61a02 -> 
  custom:container-demuxer-ogg: 62fdf1f143b41e24485cea50d1cbac27 -> 
  custom:video-encoder-webm-vp8: eb34c28f22e8b96e1ab97ce403110664 -> 
  custom:framework-osx-AVFoundation: b23960f63f64bdc6ff669e2cdcee2391 -> 
  custom:video-decoder-webm-vp8: 9c59270c3fd7afecdb556c50c9e8de78 -> 
  custom:audio-decoder-ogg-vorbis: bf7c407c2cedff20999df2af8eb42d56 -> 
  custom:audio-encoder-webm-vorbis: bf7c407c2cedff20999df2af8eb42d56 -> 
========================================================================
Received Import Request.
  Time since last request: 391.936351 seconds.
  path: Assets/_Core/Rendering/Material/Fog.mat
  artifactKey: Guid(fb762a21997f44ec1a2a2b5db6fe5eb8) Importer(815301076,1909f56bfc062723c751e8b465ee728b)
Start importing Assets/_Core/Rendering/Material/Fog.mat using Guid(fb762a21997f44ec1a2a2b5db6fe5eb8) Importer(815301076,1909f56bfc062723c751e8b465ee728b)  -> (artifact id: '63ef8dc777863e0e94704c44c6d78760') in 0.194518 seconds 
========================================================================
Received Import Request.
  Time since last request: 495.318862 seconds.
  path: Assets/_Core/Rendering/Material/Fog.mat
  artifactKey: Guid(fb762a21997f44ec1a2a2b5db6fe5eb8) Importer(815301076,1909f56bfc062723c751e8b465ee728b)
Start importing Assets/_Core/Rendering/Material/Fog.mat using Guid(fb762a21997f44ec1a2a2b5db6fe5eb8) Importer(815301076,1909f56bfc062723c751e8b465ee728b)  -> (artifact id: '4615bf3627f86dffa4fe616295e3daf5') in 0.010147 seconds 
========================================================================
Received Prepare
Registering precompiled user dll's ...
Registered in 0.010058 seconds.
Begin MonoManager ReloadAssembly
Symbol file LoadedFromMemory doesn't match image /Users/anvilnguyen/Documents/GithubLocal/einclair/Library/PackageCache/com.unity.visualscripting@1.6.1/Editor/VisualScripting.Core/Dependencies/YamlDotNet/Unity.VisualScripting.YamlDotNet.dll
Symbol file LoadedFromMemory doesn't match image /Users/anvilnguyen/Documents/GithubLocal/einclair/Library/PackageCache/com.unity.visualscripting@1.6.1/Editor/VisualScripting.Core/Dependencies/DotNetZip/Unity.VisualScripting.IonicZip.dll
Native extension for WindowsStandalone target not found
Native extension for OSXStandalone target not found
Refreshing native plugins compatible for Editor in 1.30 ms, found 3 plugins.
Preloading 0 native plugins for Editor in 0.00 ms.
System.Reflection.TargetInvocationException: Exception has been thrown by the target of an invocation. ---> System.NullReferenceException: Object reference not set to an instance of an object
  at XNodeEditor.NodeEditorAssetModProcessor.OnReloadEditor () [0x0004b] in /Users/anvilnguyen/Documents/GithubLocal/einclair/Library/PackageCache/com.github.siccity.xnode@286b9a167a/Scripts/Editor/NodeEditorAssetModProcessor.cs:55 
  at (wrapper managed-to-native) System.Reflection.MonoMethod.InternalInvoke(System.Reflection.MonoMethod,object,object[],System.Exception&)
  at System.Reflection.MonoMethod.Invoke (System.Object obj, System.Reflection.BindingFlags invokeAttr, System.Reflection.Binder binder, System.Object[] parameters, System.Globalization.CultureInfo culture) [0x00032] in <695d1cc93cca45069c528c15c9fdd749>:0 
   --- End of inner exception stack trace ---
  at System.Reflection.MonoMethod.Invoke (System.Object obj, System.Reflection.BindingFlags invokeAttr, System.Reflection.Binder binder, System.Object[] parameters, System.Globalization.CultureInfo culture) [0x00048] in <695d1cc93cca45069c528c15c9fdd749>:0 
  at System.Reflection.MethodBase.Invoke (System.Object obj, System.Object[] parameters) [0x00000] in <695d1cc93cca45069c528c15c9fdd749>:0 
  at UnityEditor.EditorAssemblies.ProcessInitializeOnLoadMethodAttributes () [0x00047] in /Users/bokken/buildslave/unity/build/Editor/Mono/EditorAssemblies.cs:154 
UnityEngine.StackTraceUtility:ExtractStackTrace () (at /Users/bokken/buildslave/unity/build/Runtime/Export/Scripting/StackTrace.cs:37)
UnityEngine.DebugLogHandler:LogFormat (UnityEngine.LogType,UnityEngine.Object,string,object[])
UnityEngine.Logger:Log (UnityEngine.LogType,object)
UnityEngine.Debug:LogError (object)
UnityEditor.EditorAssemblies:ProcessInitializeOnLoadMethodAttributes () (at /Users/bokken/buildslave/unity/build/Editor/Mono/EditorAssemblies.cs:158)

(Filename: /Users/bokken/buildslave/unity/build/Editor/Mono/EditorAssemblies.cs Line: 158)

Mono: successfully reloaded assembly
- Completed reload, in  2.169 seconds
Domain Reload Profiling:
	ReloadAssembly (2170ms)
		BeginReloadAssembly (239ms)
			ExecutionOrderSort (0ms)
			DisableScriptedObjects (9ms)
			BackupInstance (0ms)
			ReleaseScriptingObjects (0ms)
			CreateAndSetChildDomain (116ms)
		EndReloadAssembly (1832ms)
			LoadAssemblies (207ms)
			RebuildTransferFunctionScriptingTraits (0ms)
			SetupTypeCache (660ms)
			ReleaseScriptCaches (2ms)
			RebuildScriptCaches (87ms)
			SetupLoadedEditorAssemblies (692ms)
				LogAssemblyErrors (0ms)
				InitializePlatformSupportModulesInManaged (6ms)
				SetLoadedEditorAssemblies (1ms)
				RefreshPlugins (1ms)
				BeforeProcessingInitializeOnLoad (89ms)
				ProcessInitializeOnLoadAttributes (443ms)
				ProcessInitializeOnLoadMethodAttributes (150ms)
				AfterProcessingInitializeOnLoad (2ms)
				EditorAssembliesLoaded (0ms)
			ExecutionOrderSort2 (0ms)
			AwakeInstancesAfterBackupRestoration (27ms)
Platform modules already initialized, skipping
Refreshing native plugins compatible for Editor in 1.30 ms, found 3 plugins.
Preloading 0 native plugins for Editor in 0.00 ms.
Unloading 5613 Unused Serialized files (Serialized files now loaded: 0)
System memory in use before: 386.1 MB.
System memory in use after: 386.6 MB.

Unloading 50 unused Assets to reduce memory usage. Loaded Objects now: 6380.
Total: 5.920420 ms (FindLiveObjects: 0.516875 ms CreateObjectMapping: 0.396795 ms MarkObjects: 4.964843 ms  DeleteObjects: 0.040886 ms)

AssetImportParameters requested are different than current active one (requested -> active):
  custom:video-decoder-ogg-theora: a1e56fd34408186e4bbccfd4996cb3dc -> 
  custom:container-muxer-webm: aa71ff27fc2769a1b78a27578f13a17b -> 
  custom:container-demuxer-webm: 4f35f7cbe854078d1ac9338744f61a02 -> 
  custom:container-demuxer-ogg: 62fdf1f143b41e24485cea50d1cbac27 -> 
  custom:video-encoder-webm-vp8: eb34c28f22e8b96e1ab97ce403110664 -> 
  custom:framework-osx-AVFoundation: b23960f63f64bdc6ff669e2cdcee2391 -> 
  custom:video-decoder-webm-vp8: 9c59270c3fd7afecdb556c50c9e8de78 -> 
  custom:audio-decoder-ogg-vorbis: bf7c407c2cedff20999df2af8eb42d56 -> 
  custom:audio-encoder-webm-vorbis: bf7c407c2cedff20999df2af8eb42d56 -> 
========================================================================
Received Prepare
Registering precompiled user dll's ...
Registered in 0.012702 seconds.
Begin MonoManager ReloadAssembly
Symbol file LoadedFromMemory doesn't match image /Users/anvilnguyen/Documents/GithubLocal/einclair/Library/PackageCache/com.unity.visualscripting@1.6.1/Editor/VisualScripting.Core/Dependencies/YamlDotNet/Unity.VisualScripting.YamlDotNet.dll
Symbol file LoadedFromMemory doesn't match image /Users/anvilnguyen/Documents/GithubLocal/einclair/Library/PackageCache/com.unity.visualscripting@1.6.1/Editor/VisualScripting.Core/Dependencies/DotNetZip/Unity.VisualScripting.IonicZip.dll
Native extension for WindowsStandalone target not found
Native extension for OSXStandalone target not found
Refreshing native plugins compatible for Editor in 1.52 ms, found 3 plugins.
Preloading 0 native plugins for Editor in 0.00 ms.
System.Reflection.TargetInvocationException: Exception has been thrown by the target of an invocation. ---> System.NullReferenceException: Object reference not set to an instance of an object
  at XNodeEditor.NodeEditorAssetModProcessor.OnReloadEditor () [0x0004b] in /Users/anvilnguyen/Documents/GithubLocal/einclair/Library/PackageCache/com.github.siccity.xnode@286b9a167a/Scripts/Editor/NodeEditorAssetModProcessor.cs:55 
  at (wrapper managed-to-native) System.Reflection.MonoMethod.InternalInvoke(System.Reflection.MonoMethod,object,object[],System.Exception&)
  at System.Reflection.MonoMethod.Invoke (System.Object obj, System.Reflection.BindingFlags invokeAttr, System.Reflection.Binder binder, System.Object[] parameters, System.Globalization.CultureInfo culture) [0x00032] in <695d1cc93cca45069c528c15c9fdd749>:0 
   --- End of inner exception stack trace ---
  at System.Reflection.MonoMethod.Invoke (System.Object obj, System.Reflection.BindingFlags invokeAttr, System.Reflection.Binder binder, System.Object[] parameters, System.Globalization.CultureInfo culture) [0x00048] in <695d1cc93cca45069c528c15c9fdd749>:0 
  at System.Reflection.MethodBase.Invoke (System.Object obj, System.Object[] parameters) [0x00000] in <695d1cc93cca45069c528c15c9fdd749>:0 
  at UnityEditor.EditorAssemblies.ProcessInitializeOnLoadMethodAttributes () [0x00047] in /Users/bokken/buildslave/unity/build/Editor/Mono/EditorAssemblies.cs:154 
UnityEngine.StackTraceUtility:ExtractStackTrace () (at /Users/bokken/buildslave/unity/build/Runtime/Export/Scripting/StackTrace.cs:37)
UnityEngine.DebugLogHandler:LogFormat (UnityEngine.LogType,UnityEngine.Object,string,object[])
UnityEngine.Logger:Log (UnityEngine.LogType,object)
UnityEngine.Debug:LogError (object)
UnityEditor.EditorAssemblies:ProcessInitializeOnLoadMethodAttributes () (at /Users/bokken/buildslave/unity/build/Editor/Mono/EditorAssemblies.cs:158)

(Filename: /Users/bokken/buildslave/unity/build/Editor/Mono/EditorAssemblies.cs Line: 158)

Mono: successfully reloaded assembly
- Completed reload, in  2.259 seconds
Domain Reload Profiling:
	ReloadAssembly (2260ms)
		BeginReloadAssembly (248ms)
			ExecutionOrderSort (0ms)
			DisableScriptedObjects (10ms)
			BackupInstance (0ms)
			ReleaseScriptingObjects (0ms)
			CreateAndSetChildDomain (115ms)
		EndReloadAssembly (1925ms)
			LoadAssemblies (218ms)
			RebuildTransferFunctionScriptingTraits (0ms)
			SetupTypeCache (653ms)
			ReleaseScriptCaches (2ms)
			RebuildScriptCaches (91ms)
			SetupLoadedEditorAssemblies (761ms)
				LogAssemblyErrors (0ms)
				InitializePlatformSupportModulesInManaged (7ms)
				SetLoadedEditorAssemblies (1ms)
				RefreshPlugins (2ms)
				BeforeProcessingInitializeOnLoad (91ms)
				ProcessInitializeOnLoadAttributes (495ms)
				ProcessInitializeOnLoadMethodAttributes (163ms)
				AfterProcessingInitializeOnLoad (1ms)
				EditorAssembliesLoaded (0ms)
			ExecutionOrderSort2 (0ms)
			AwakeInstancesAfterBackupRestoration (26ms)
Platform modules already initialized, skipping
Refreshing native plugins compatible for Editor in 1.49 ms, found 3 plugins.
Preloading 0 native plugins for Editor in 0.00 ms.
Unloading 5613 Unused Serialized files (Serialized files now loaded: 0)
System memory in use before: 386.5 MB.
System memory in use after: 387.0 MB.

Unloading 50 unused Assets to reduce memory usage. Loaded Objects now: 6384.
Total: 6.123359 ms (FindLiveObjects: 0.558634 ms CreateObjectMapping: 0.497966 ms MarkObjects: 5.024480 ms  DeleteObjects: 0.041164 ms)

AssetImportParameters requested are different than current active one (requested -> active):
  custom:video-decoder-ogg-theora: a1e56fd34408186e4bbccfd4996cb3dc -> 
  custom:container-muxer-webm: aa71ff27fc2769a1b78a27578f13a17b -> 
  custom:container-demuxer-webm: 4f35f7cbe854078d1ac9338744f61a02 -> 
  custom:container-demuxer-ogg: 62fdf1f143b41e24485cea50d1cbac27 -> 
  custom:video-encoder-webm-vp8: eb34c28f22e8b96e1ab97ce403110664 -> 
  custom:framework-osx-AVFoundation: b23960f63f64bdc6ff669e2cdcee2391 -> 
  custom:video-decoder-webm-vp8: 9c59270c3fd7afecdb556c50c9e8de78 -> 
  custom:audio-decoder-ogg-vorbis: bf7c407c2cedff20999df2af8eb42d56 -> 
  custom:audio-encoder-webm-vorbis: bf7c407c2cedff20999df2af8eb42d56 -> 
========================================================================
Received Import Request.
  Time since last request: 560.951795 seconds.
  path: Assets/Scenes/Template.unity
  artifactKey: Guid(6c77693d8674e45cfb72e2ae9864f4cd) Importer(815301076,1909f56bfc062723c751e8b465ee728b)
Start importing Assets/Scenes/Template.unity using Guid(6c77693d8674e45cfb72e2ae9864f4cd) Importer(815301076,1909f56bfc062723c751e8b465ee728b)  -> (artifact id: '0ff93f04cb39d8cd4bdaf33f623c41da') in 0.023369 seconds 
========================================================================
Received Prepare
Registering precompiled user dll's ...
Registered in 0.009299 seconds.
Begin MonoManager ReloadAssembly
Symbol file LoadedFromMemory doesn't match image /Users/anvilnguyen/Documents/GithubLocal/einclair/Library/PackageCache/com.unity.visualscripting@1.6.1/Editor/VisualScripting.Core/Dependencies/YamlDotNet/Unity.VisualScripting.YamlDotNet.dll
Symbol file LoadedFromMemory doesn't match image /Users/anvilnguyen/Documents/GithubLocal/einclair/Library/PackageCache/com.unity.visualscripting@1.6.1/Editor/VisualScripting.Core/Dependencies/DotNetZip/Unity.VisualScripting.IonicZip.dll
Native extension for WindowsStandalone target not found
Native extension for OSXStandalone target not found
Refreshing native plugins compatible for Editor in 2.08 ms, found 3 plugins.
Preloading 0 native plugins for Editor in 0.00 ms.
System.Reflection.TargetInvocationException: Exception has been thrown by the target of an invocation. ---> System.NullReferenceException: Object reference not set to an instance of an object
  at XNodeEditor.NodeEditorAssetModProcessor.OnReloadEditor () [0x0004b] in /Users/anvilnguyen/Documents/GithubLocal/einclair/Library/PackageCache/com.github.siccity.xnode@286b9a167a/Scripts/Editor/NodeEditorAssetModProcessor.cs:55 
  at (wrapper managed-to-native) System.Reflection.MonoMethod.InternalInvoke(System.Reflection.MonoMethod,object,object[],System.Exception&)
  at System.Reflection.MonoMethod.Invoke (System.Object obj, System.Reflection.BindingFlags invokeAttr, System.Reflection.Binder binder, System.Object[] parameters, System.Globalization.CultureInfo culture) [0x00032] in <695d1cc93cca45069c528c15c9fdd749>:0 
   --- End of inner exception stack trace ---
  at System.Reflection.MonoMethod.Invoke (System.Object obj, System.Reflection.BindingFlags invokeAttr, System.Reflection.Binder binder, System.Object[] parameters, System.Globalization.CultureInfo culture) [0x00048] in <695d1cc93cca45069c528c15c9fdd749>:0 
  at System.Reflection.MethodBase.Invoke (System.Object obj, System.Object[] parameters) [0x00000] in <695d1cc93cca45069c528c15c9fdd749>:0 
  at UnityEditor.EditorAssemblies.ProcessInitializeOnLoadMethodAttributes () [0x00047] in /Users/bokken/buildslave/unity/build/Editor/Mono/EditorAssemblies.cs:154 
UnityEngine.StackTraceUtility:ExtractStackTrace () (at /Users/bokken/buildslave/unity/build/Runtime/Export/Scripting/StackTrace.cs:37)
UnityEngine.DebugLogHandler:LogFormat (UnityEngine.LogType,UnityEngine.Object,string,object[])
UnityEngine.Logger:Log (UnityEngine.LogType,object)
UnityEngine.Debug:LogError (object)
UnityEditor.EditorAssemblies:ProcessInitializeOnLoadMethodAttributes () (at /Users/bokken/buildslave/unity/build/Editor/Mono/EditorAssemblies.cs:158)

(Filename: /Users/bokken/buildslave/unity/build/Editor/Mono/EditorAssemblies.cs Line: 158)

Mono: successfully reloaded assembly
- Completed reload, in  2.286 seconds
Domain Reload Profiling:
	ReloadAssembly (2286ms)
		BeginReloadAssembly (237ms)
			ExecutionOrderSort (0ms)
			DisableScriptedObjects (9ms)
			BackupInstance (0ms)
			ReleaseScriptingObjects (0ms)
			CreateAndSetChildDomain (110ms)
		EndReloadAssembly (1962ms)
			LoadAssemblies (214ms)
			RebuildTransferFunctionScriptingTraits (0ms)
			SetupTypeCache (619ms)
			ReleaseScriptCaches (2ms)
			RebuildScriptCaches (92ms)
			SetupLoadedEditorAssemblies (812ms)
				LogAssemblyErrors (0ms)
				InitializePlatformSupportModulesInManaged (6ms)
				SetLoadedEditorAssemblies (1ms)
				RefreshPlugins (2ms)
				BeforeProcessingInitializeOnLoad (98ms)
				ProcessInitializeOnLoadAttributes (540ms)
				ProcessInitializeOnLoadMethodAttributes (164ms)
				AfterProcessingInitializeOnLoad (1ms)
				EditorAssembliesLoaded (0ms)
			ExecutionOrderSort2 (0ms)
			AwakeInstancesAfterBackupRestoration (26ms)
Platform modules already initialized, skipping
Refreshing native plugins compatible for Editor in 1.29 ms, found 3 plugins.
Preloading 0 native plugins for Editor in 0.00 ms.
Unloading 5613 Unused Serialized files (Serialized files now loaded: 0)
System memory in use before: 386.8 MB.
System memory in use after: 387.2 MB.

Unloading 50 unused Assets to reduce memory usage. Loaded Objects now: 6388.
Total: 5.290630 ms (FindLiveObjects: 0.502296 ms CreateObjectMapping: 0.359810 ms MarkObjects: 4.393684 ms  DeleteObjects: 0.033939 ms)

AssetImportParameters requested are different than current active one (requested -> active):
  custom:video-decoder-ogg-theora: a1e56fd34408186e4bbccfd4996cb3dc -> 
  custom:container-muxer-webm: aa71ff27fc2769a1b78a27578f13a17b -> 
  custom:container-demuxer-webm: 4f35f7cbe854078d1ac9338744f61a02 -> 
  custom:container-demuxer-ogg: 62fdf1f143b41e24485cea50d1cbac27 -> 
  custom:video-encoder-webm-vp8: eb34c28f22e8b96e1ab97ce403110664 -> 
  custom:framework-osx-AVFoundation: b23960f63f64bdc6ff669e2cdcee2391 -> 
  custom:video-decoder-webm-vp8: 9c59270c3fd7afecdb556c50c9e8de78 -> 
  custom:audio-decoder-ogg-vorbis: bf7c407c2cedff20999df2af8eb42d56 -> 
  custom:audio-encoder-webm-vorbis: bf7c407c2cedff20999df2af8eb42d56 -> 
========================================================================
Received Import Request.
  Time since last request: 113.263070 seconds.
  path: Assets/Scenes/Official/Shaft1.unity
  artifactKey: Guid(7978c77403ca54aad95ce7a9a9b3cff8) Importer(815301076,1909f56bfc062723c751e8b465ee728b)
Start importing Assets/Scenes/Official/Shaft1.unity using Guid(7978c77403ca54aad95ce7a9a9b3cff8) Importer(815301076,1909f56bfc062723c751e8b465ee728b)  -> (artifact id: '7a774234f9e38ca9a6e0667abd17030f') in 0.020757 seconds 
========================================================================
Received Import Request.
  Time since last request: 0.000230 seconds.
  path: Assets/Scenes/Official/Root.unity
  artifactKey: Guid(268fa69b29cb14846b5d1c3e8ac1e610) Importer(815301076,1909f56bfc062723c751e8b465ee728b)
Start importing Assets/Scenes/Official/Root.unity using Guid(268fa69b29cb14846b5d1c3e8ac1e610) Importer(815301076,1909f56bfc062723c751e8b465ee728b)  -> (artifact id: 'ad5e9a079e20adc1554cf3d6d5e1b9bd') in 0.002350 seconds 
========================================================================
Received Import Request.
  Time since last request: 494.602485 seconds.
  path: Assets/_Core/Rendering/Material/Fog.mat
  artifactKey: Guid(fb762a21997f44ec1a2a2b5db6fe5eb8) Importer(815301076,1909f56bfc062723c751e8b465ee728b)
Start importing Assets/_Core/Rendering/Material/Fog.mat using Guid(fb762a21997f44ec1a2a2b5db6fe5eb8) Importer(815301076,1909f56bfc062723c751e8b465ee728b)  -> (artifact id: '5a4ade3e972cdaf79937c24aa4c2db89') in 0.214467 seconds 
========================================================================
Received Import Request.
  Time since last request: 11947.390329 seconds.
  path: Assets/_Core/Rendering/Material/Fog.mat
  artifactKey: Guid(fb762a21997f44ec1a2a2b5db6fe5eb8) Importer(815301076,1909f56bfc062723c751e8b465ee728b)
Start importing Assets/_Core/Rendering/Material/Fog.mat using Guid(fb762a21997f44ec1a2a2b5db6fe5eb8) Importer(815301076,1909f56bfc062723c751e8b465ee728b)  -> (artifact id: '1f7b3aa37637813fab5c7510e3f224b5') in 0.018356 seconds 
========================================================================
Received Prepare
Registering precompiled user dll's ...
Registered in 0.017186 seconds.
Begin MonoManager ReloadAssembly
Symbol file LoadedFromMemory doesn't match image /Users/anvilnguyen/Documents/GithubLocal/einclair/Library/PackageCache/com.unity.visualscripting@1.6.1/Editor/VisualScripting.Core/Dependencies/YamlDotNet/Unity.VisualScripting.YamlDotNet.dll
Symbol file LoadedFromMemory doesn't match image /Users/anvilnguyen/Documents/GithubLocal/einclair/Library/PackageCache/com.unity.visualscripting@1.6.1/Editor/VisualScripting.Core/Dependencies/DotNetZip/Unity.VisualScripting.IonicZip.dll
Native extension for WindowsStandalone target not found
Native extension for OSXStandalone target not found
Refreshing native plugins compatible for Editor in 1.66 ms, found 3 plugins.
Preloading 0 native plugins for Editor in 0.00 ms.
System.Reflection.TargetInvocationException: Exception has been thrown by the target of an invocation. ---> System.NullReferenceException: Object reference not set to an instance of an object
  at XNodeEditor.NodeEditorAssetModProcessor.OnReloadEditor () [0x0004b] in /Users/anvilnguyen/Documents/GithubLocal/einclair/Library/PackageCache/com.github.siccity.xnode@286b9a167a/Scripts/Editor/NodeEditorAssetModProcessor.cs:55 
  at (wrapper managed-to-native) System.Reflection.MonoMethod.InternalInvoke(System.Reflection.MonoMethod,object,object[],System.Exception&)
  at System.Reflection.MonoMethod.Invoke (System.Object obj, System.Reflection.BindingFlags invokeAttr, System.Reflection.Binder binder, System.Object[] parameters, System.Globalization.CultureInfo culture) [0x00032] in <695d1cc93cca45069c528c15c9fdd749>:0 
   --- End of inner exception stack trace ---
  at System.Reflection.MonoMethod.Invoke (System.Object obj, System.Reflection.BindingFlags invokeAttr, System.Reflection.Binder binder, System.Object[] parameters, System.Globalization.CultureInfo culture) [0x00048] in <695d1cc93cca45069c528c15c9fdd749>:0 
  at System.Reflection.MethodBase.Invoke (System.Object obj, System.Object[] parameters) [0x00000] in <695d1cc93cca45069c528c15c9fdd749>:0 
  at UnityEditor.EditorAssemblies.ProcessInitializeOnLoadMethodAttributes () [0x00047] in /Users/bokken/buildslave/unity/build/Editor/Mono/EditorAssemblies.cs:154 
UnityEngine.StackTraceUtility:ExtractStackTrace () (at /Users/bokken/buildslave/unity/build/Runtime/Export/Scripting/StackTrace.cs:37)
UnityEngine.DebugLogHandler:LogFormat (UnityEngine.LogType,UnityEngine.Object,string,object[])
UnityEngine.Logger:Log (UnityEngine.LogType,object)
UnityEngine.Debug:LogError (object)
UnityEditor.EditorAssemblies:ProcessInitializeOnLoadMethodAttributes () (at /Users/bokken/buildslave/unity/build/Editor/Mono/EditorAssemblies.cs:158)

(Filename: /Users/bokken/buildslave/unity/build/Editor/Mono/EditorAssemblies.cs Line: 158)

Mono: successfully reloaded assembly
- Completed reload, in  2.476 seconds
Domain Reload Profiling:
	ReloadAssembly (2476ms)
		BeginReloadAssembly (297ms)
			ExecutionOrderSort (0ms)
			DisableScriptedObjects (14ms)
			BackupInstance (0ms)
			ReleaseScriptingObjects (0ms)
			CreateAndSetChildDomain (152ms)
		EndReloadAssembly (2086ms)
			LoadAssemblies (223ms)
			RebuildTransferFunctionScriptingTraits (0ms)
			SetupTypeCache (722ms)
			ReleaseScriptCaches (2ms)
			RebuildScriptCaches (100ms)
			SetupLoadedEditorAssemblies (820ms)
				LogAssemblyErrors (0ms)
				InitializePlatformSupportModulesInManaged (6ms)
				SetLoadedEditorAssemblies (1ms)
				RefreshPlugins (2ms)
				BeforeProcessingInitializeOnLoad (99ms)
				ProcessInitializeOnLoadAttributes (539ms)
				ProcessInitializeOnLoadMethodAttributes (172ms)
				AfterProcessingInitializeOnLoad (2ms)
				EditorAssembliesLoaded (0ms)
			ExecutionOrderSort2 (0ms)
			AwakeInstancesAfterBackupRestoration (32ms)
Platform modules already initialized, skipping
Refreshing native plugins compatible for Editor in 1.28 ms, found 3 plugins.
Preloading 0 native plugins for Editor in 0.00 ms.
Unloading 5613 Unused Serialized files (Serialized files now loaded: 0)
System memory in use before: 387.3 MB.
System memory in use after: 387.8 MB.

Unloading 50 unused Assets to reduce memory usage. Loaded Objects now: 6430.
Total: 6.603370 ms (FindLiveObjects: 0.655871 ms CreateObjectMapping: 0.535730 ms MarkObjects: 5.363448 ms  DeleteObjects: 0.047042 ms)

AssetImportParameters requested are different than current active one (requested -> active):
  custom:video-decoder-ogg-theora: a1e56fd34408186e4bbccfd4996cb3dc -> 
  custom:container-muxer-webm: aa71ff27fc2769a1b78a27578f13a17b -> 
  custom:container-demuxer-webm: 4f35f7cbe854078d1ac9338744f61a02 -> 
  custom:container-demuxer-ogg: 62fdf1f143b41e24485cea50d1cbac27 -> 
  custom:video-encoder-webm-vp8: eb34c28f22e8b96e1ab97ce403110664 -> 
  custom:framework-osx-AVFoundation: b23960f63f64bdc6ff669e2cdcee2391 -> 
  custom:video-decoder-webm-vp8: 9c59270c3fd7afecdb556c50c9e8de78 -> 
  custom:audio-decoder-ogg-vorbis: bf7c407c2cedff20999df2af8eb42d56 -> 
  custom:audio-encoder-webm-vorbis: bf7c407c2cedff20999df2af8eb42d56 -> 
========================================================================
Received Import Request.
  Time since last request: 1760.656100 seconds.
  path: Assets/Art/Assets/Graphics Textures
  artifactKey: Guid(fa836b6c07e1240d4a5b5e8514254542) Importer(815301076,1909f56bfc062723c751e8b465ee728b)
Start importing Assets/Art/Assets/Graphics Textures using Guid(fa836b6c07e1240d4a5b5e8514254542) Importer(815301076,1909f56bfc062723c751e8b465ee728b)  -> (artifact id: '6f8341bdc518b5acccaf865ee3bd6e28') in 0.046478 seconds 
========================================================================
Received Import Request.
  Time since last request: 12.720016 seconds.
  path: Assets/Art/Assets/Graphics Textures/Pngtreeneon square frame_6952941.png
  artifactKey: Guid(f3fa3800e40824d9d8a08ad5ee019128) Importer(815301076,1909f56bfc062723c751e8b465ee728b)
Start importing Assets/Art/Assets/Graphics Textures/Pngtreeneon square frame_6952941.png using Guid(f3fa3800e40824d9d8a08ad5ee019128) Importer(815301076,1909f56bfc062723c751e8b465ee728b)  -> (artifact id: 'd6218617179620ed11ecf32276e712bb') in 0.132143 seconds 
========================================================================
Received Import Request.
  Time since last request: 4.020261 seconds.
  path: Assets/Art/Assets/Graphics Textures/square.png
  artifactKey: Guid(f3fa3800e40824d9d8a08ad5ee019128) Importer(815301076,1909f56bfc062723c751e8b465ee728b)
Start importing Assets/Art/Assets/Graphics Textures/square.png using Guid(f3fa3800e40824d9d8a08ad5ee019128) Importer(815301076,1909f56bfc062723c751e8b465ee728b)  -> (artifact id: '8c1b6fefbaf87f2c825cb85da185601a') in 0.022050 seconds 
========================================================================
Received Import Request.
  Time since last request: 128.330169 seconds.
  path: Assets/Art/Assets/Graphics Textures/square.png
  artifactKey: Guid(f3fa3800e40824d9d8a08ad5ee019128) Importer(815301076,1909f56bfc062723c751e8b465ee728b)
Start importing Assets/Art/Assets/Graphics Textures/square.png using Guid(f3fa3800e40824d9d8a08ad5ee019128) Importer(815301076,1909f56bfc062723c751e8b465ee728b)  -> (artifact id: '95db6359ab920c9f94e1ecb25eb9b0a0') in 0.037312 seconds 
========================================================================
Received Import Request.
  Time since last request: 17.729967 seconds.
  path: Assets/Art/Assets/Graphics Textures/square.png
  artifactKey: Guid(f3fa3800e40824d9d8a08ad5ee019128) Importer(815301076,1909f56bfc062723c751e8b465ee728b)
Start importing Assets/Art/Assets/Graphics Textures/square.png using Guid(f3fa3800e40824d9d8a08ad5ee019128) Importer(815301076,1909f56bfc062723c751e8b465ee728b)  -> (artifact id: '54afd6ba1ef6a8c6eb816c93e1f940f4') in 0.029881 seconds 
========================================================================
Received Import Request.
  Time since last request: 608.302101 seconds.
  path: Assets/Art/Assets/Graphics Textures/SquareBorder.png
  artifactKey: Guid(7a289e10912dd487381e831f16727dab) Importer(815301076,1909f56bfc062723c751e8b465ee728b)
Start importing Assets/Art/Assets/Graphics Textures/SquareBorder.png using Guid(7a289e10912dd487381e831f16727dab) Importer(815301076,1909f56bfc062723c751e8b465ee728b)  -> (artifact id: '1676d0e0cce40d088a4ba867c42e8266') in 0.024602 seconds 
========================================================================
Received Import Request.
  Time since last request: 12.430479 seconds.
  path: Assets/Art/Assets/Graphics Textures/SquareBorder.png
  artifactKey: Guid(7a289e10912dd487381e831f16727dab) Importer(815301076,1909f56bfc062723c751e8b465ee728b)
Start importing Assets/Art/Assets/Graphics Textures/SquareBorder.png using Guid(7a289e10912dd487381e831f16727dab) Importer(815301076,1909f56bfc062723c751e8b465ee728b)  -> (artifact id: '57f4d2c8f03065560491aef3d80d7035') in 0.033861 seconds 
========================================================================
Received Import Request.
  Time since last request: 12.917857 seconds.
  path: Assets/Art/Assets/Graphics Textures/SquareBorder.png
  artifactKey: Guid(7a289e10912dd487381e831f16727dab) Importer(815301076,1909f56bfc062723c751e8b465ee728b)
Start importing Assets/Art/Assets/Graphics Textures/SquareBorder.png using Guid(7a289e10912dd487381e831f16727dab) Importer(815301076,1909f56bfc062723c751e8b465ee728b)  -> (artifact id: 'c0a4c6a90ce7bb37ac5ae59244952121') in 0.027213 seconds 
========================================================================
Received Prepare
Registering precompiled user dll's ...
Registered in 0.015662 seconds.
Begin MonoManager ReloadAssembly
Symbol file LoadedFromMemory doesn't match image /Users/anvilnguyen/Documents/GithubLocal/einclair/Library/PackageCache/com.unity.visualscripting@1.6.1/Editor/VisualScripting.Core/Dependencies/YamlDotNet/Unity.VisualScripting.YamlDotNet.dll
Symbol file LoadedFromMemory doesn't match image /Users/anvilnguyen/Documents/GithubLocal/einclair/Library/PackageCache/com.unity.visualscripting@1.6.1/Editor/VisualScripting.Core/Dependencies/DotNetZip/Unity.VisualScripting.IonicZip.dll
Native extension for WindowsStandalone target not found
Native extension for OSXStandalone target not found
Refreshing native plugins compatible for Editor in 1.87 ms, found 3 plugins.
Preloading 0 native plugins for Editor in 0.00 ms.
System.Reflection.TargetInvocationException: Exception has been thrown by the target of an invocation. ---> System.NullReferenceException: Object reference not set to an instance of an object
  at XNodeEditor.NodeEditorAssetModProcessor.OnReloadEditor () [0x0004b] in /Users/anvilnguyen/Documents/GithubLocal/einclair/Library/PackageCache/com.github.siccity.xnode@286b9a167a/Scripts/Editor/NodeEditorAssetModProcessor.cs:55 
  at (wrapper managed-to-native) System.Reflection.MonoMethod.InternalInvoke(System.Reflection.MonoMethod,object,object[],System.Exception&)
  at System.Reflection.MonoMethod.Invoke (System.Object obj, System.Reflection.BindingFlags invokeAttr, System.Reflection.Binder binder, System.Object[] parameters, System.Globalization.CultureInfo culture) [0x00032] in <695d1cc93cca45069c528c15c9fdd749>:0 
   --- End of inner exception stack trace ---
  at System.Reflection.MonoMethod.Invoke (System.Object obj, System.Reflection.BindingFlags invokeAttr, System.Reflection.Binder binder, System.Object[] parameters, System.Globalization.CultureInfo culture) [0x00048] in <695d1cc93cca45069c528c15c9fdd749>:0 
  at System.Reflection.MethodBase.Invoke (System.Object obj, System.Object[] parameters) [0x00000] in <695d1cc93cca45069c528c15c9fdd749>:0 
  at UnityEditor.EditorAssemblies.ProcessInitializeOnLoadMethodAttributes () [0x00047] in /Users/bokken/buildslave/unity/build/Editor/Mono/EditorAssemblies.cs:154 
UnityEngine.StackTraceUtility:ExtractStackTrace () (at /Users/bokken/buildslave/unity/build/Runtime/Export/Scripting/StackTrace.cs:37)
UnityEngine.DebugLogHandler:LogFormat (UnityEngine.LogType,UnityEngine.Object,string,object[])
UnityEngine.Logger:Log (UnityEngine.LogType,object)
UnityEngine.Debug:LogError (object)
UnityEditor.EditorAssemblies:ProcessInitializeOnLoadMethodAttributes () (at /Users/bokken/buildslave/unity/build/Editor/Mono/EditorAssemblies.cs:158)

(Filename: /Users/bokken/buildslave/unity/build/Editor/Mono/EditorAssemblies.cs Line: 158)

Mono: successfully reloaded assembly
- Completed reload, in  2.921 seconds
Domain Reload Profiling:
	ReloadAssembly (2922ms)
		BeginReloadAssembly (373ms)
			ExecutionOrderSort (0ms)
			DisableScriptedObjects (17ms)
			BackupInstance (0ms)
			ReleaseScriptingObjects (0ms)
			CreateAndSetChildDomain (214ms)
		EndReloadAssembly (2459ms)
			LoadAssemblies (236ms)
			RebuildTransferFunctionScriptingTraits (0ms)
			SetupTypeCache (805ms)
			ReleaseScriptCaches (3ms)
			RebuildScriptCaches (105ms)
			SetupLoadedEditorAssemblies (1029ms)
				LogAssemblyErrors (0ms)
				InitializePlatformSupportModulesInManaged (9ms)
				SetLoadedEditorAssemblies (1ms)
				RefreshPlugins (2ms)
				BeforeProcessingInitializeOnLoad (112ms)
				ProcessInitializeOnLoadAttributes (721ms)
				ProcessInitializeOnLoadMethodAttributes (180ms)
				AfterProcessingInitializeOnLoad (1ms)
				EditorAssembliesLoaded (2ms)
			ExecutionOrderSort2 (0ms)
			AwakeInstancesAfterBackupRestoration (30ms)
Platform modules already initialized, skipping
Refreshing native plugins compatible for Editor in 1.39 ms, found 3 plugins.
Preloading 0 native plugins for Editor in 0.00 ms.
Unloading 5614 Unused Serialized files (Serialized files now loaded: 0)
System memory in use before: 392.0 MB.
System memory in use after: 392.5 MB.

Unloading 50 unused Assets to reduce memory usage. Loaded Objects now: 6534.
Total: 6.527189 ms (FindLiveObjects: 0.536538 ms CreateObjectMapping: 0.347299 ms MarkObjects: 5.597685 ms  DeleteObjects: 0.044348 ms)

AssetImportParameters requested are different than current active one (requested -> active):
  custom:video-decoder-ogg-theora: a1e56fd34408186e4bbccfd4996cb3dc -> 
  custom:container-muxer-webm: aa71ff27fc2769a1b78a27578f13a17b -> 
  custom:container-demuxer-webm: 4f35f7cbe854078d1ac9338744f61a02 -> 
  custom:container-demuxer-ogg: 62fdf1f143b41e24485cea50d1cbac27 -> 
  custom:video-encoder-webm-vp8: eb34c28f22e8b96e1ab97ce403110664 -> 
  custom:framework-osx-AVFoundation: b23960f63f64bdc6ff669e2cdcee2391 -> 
  custom:video-decoder-webm-vp8: 9c59270c3fd7afecdb556c50c9e8de78 -> 
  custom:audio-decoder-ogg-vorbis: bf7c407c2cedff20999df2af8eb42d56 -> 
  custom:audio-encoder-webm-vorbis: bf7c407c2cedff20999df2af8eb42d56 -> 
========================================================================
Received Import Request.
  Time since last request: 267.539404 seconds.
  path: Assets/Art/Assets/Graphics Textures/Untitled.png
  artifactKey: Guid(aacc628d5e79d4e34960f32f55ba2f9e) Importer(815301076,1909f56bfc062723c751e8b465ee728b)
Start importing Assets/Art/Assets/Graphics Textures/Untitled.png using Guid(aacc628d5e79d4e34960f32f55ba2f9e) Importer(815301076,1909f56bfc062723c751e8b465ee728b)  -> (artifact id: 'b45e8d1735e6362c92de104d0bf1b6d2') in 0.159767 seconds 
========================================================================
Received Import Request.
  Time since last request: 11.841698 seconds.
  path: Assets/Art/Assets/Graphics Textures/Untitled.png
  artifactKey: Guid(aacc628d5e79d4e34960f32f55ba2f9e) Importer(815301076,1909f56bfc062723c751e8b465ee728b)
Start importing Assets/Art/Assets/Graphics Textures/Untitled.png using Guid(aacc628d5e79d4e34960f32f55ba2f9e) Importer(815301076,1909f56bfc062723c751e8b465ee728b)  -> (artifact id: '98bad8e1e16a5a1c3e86d262a28cdc52') in 0.038591 seconds 
========================================================================
Received Import Request.
  Time since last request: 8.957309 seconds.
  path: Assets/Art/Assets/Graphics Textures/SmudgedBorder.png
  artifactKey: Guid(aacc628d5e79d4e34960f32f55ba2f9e) Importer(815301076,1909f56bfc062723c751e8b465ee728b)
Start importing Assets/Art/Assets/Graphics Textures/SmudgedBorder.png using Guid(aacc628d5e79d4e34960f32f55ba2f9e) Importer(815301076,1909f56bfc062723c751e8b465ee728b)  -> (artifact id: 'd318192bca69952562d21ae3c6a51ded') in 0.022833 seconds 
========================================================================
Received Import Request.
  Time since last request: 97.509408 seconds.
  path: Assets/Art/Assets/Graphics Textures/Untitled.png
  artifactKey: Guid(90a41999c19c046fa81e10e426165414) Importer(815301076,1909f56bfc062723c751e8b465ee728b)
Start importing Assets/Art/Assets/Graphics Textures/Untitled.png using Guid(90a41999c19c046fa81e10e426165414) Importer(815301076,1909f56bfc062723c751e8b465ee728b)  -> (artifact id: '653442ebc41c7df0d0f8849dbb3c4dd5') in 0.027561 seconds 
========================================================================
Received Import Request.
  Time since last request: 7.007030 seconds.
  path: Assets/Art/Assets/Graphics Textures/SquareBorderThick.png
  artifactKey: Guid(90a41999c19c046fa81e10e426165414) Importer(815301076,1909f56bfc062723c751e8b465ee728b)
Start importing Assets/Art/Assets/Graphics Textures/SquareBorderThick.png using Guid(90a41999c19c046fa81e10e426165414) Importer(815301076,1909f56bfc062723c751e8b465ee728b)  -> (artifact id: 'c518099b04e2de1a93bc741713c25e74') in 0.021928 seconds 
========================================================================
Received Import Request.
  Time since last request: 10.195733 seconds.
  path: Assets/Art/Assets/Graphics Textures/SquareBorderThick.png
  artifactKey: Guid(90a41999c19c046fa81e10e426165414) Importer(815301076,1909f56bfc062723c751e8b465ee728b)
Start importing Assets/Art/Assets/Graphics Textures/SquareBorderThick.png using Guid(90a41999c19c046fa81e10e426165414) Importer(815301076,1909f56bfc062723c751e8b465ee728b)  -> (artifact id: 'a91157a976104c8ae146e14124dfefb2') in 0.016332 seconds 
========================================================================
Received Prepare
Registering precompiled user dll's ...
Registered in 0.007640 seconds.
Begin MonoManager ReloadAssembly
Symbol file LoadedFromMemory doesn't match image /Users/anvilnguyen/Documents/GithubLocal/einclair/Library/PackageCache/com.unity.visualscripting@1.6.1/Editor/VisualScripting.Core/Dependencies/YamlDotNet/Unity.VisualScripting.YamlDotNet.dll
Symbol file LoadedFromMemory doesn't match image /Users/anvilnguyen/Documents/GithubLocal/einclair/Library/PackageCache/com.unity.visualscripting@1.6.1/Editor/VisualScripting.Core/Dependencies/DotNetZip/Unity.VisualScripting.IonicZip.dll
Native extension for WindowsStandalone target not found
Native extension for OSXStandalone target not found
Refreshing native plugins compatible for Editor in 1.56 ms, found 3 plugins.
Preloading 0 native plugins for Editor in 0.00 ms.
System.Reflection.TargetInvocationException: Exception has been thrown by the target of an invocation. ---> System.NullReferenceException: Object reference not set to an instance of an object
  at XNodeEditor.NodeEditorAssetModProcessor.OnReloadEditor () [0x0004b] in /Users/anvilnguyen/Documents/GithubLocal/einclair/Library/PackageCache/com.github.siccity.xnode@286b9a167a/Scripts/Editor/NodeEditorAssetModProcessor.cs:55 
  at (wrapper managed-to-native) System.Reflection.MonoMethod.InternalInvoke(System.Reflection.MonoMethod,object,object[],System.Exception&)
  at System.Reflection.MonoMethod.Invoke (System.Object obj, System.Reflection.BindingFlags invokeAttr, System.Reflection.Binder binder, System.Object[] parameters, System.Globalization.CultureInfo culture) [0x00032] in <695d1cc93cca45069c528c15c9fdd749>:0 
   --- End of inner exception stack trace ---
  at System.Reflection.MonoMethod.Invoke (System.Object obj, System.Reflection.BindingFlags invokeAttr, System.Reflection.Binder binder, System.Object[] parameters, System.Globalization.CultureInfo culture) [0x00048] in <695d1cc93cca45069c528c15c9fdd749>:0 
  at System.Reflection.MethodBase.Invoke (System.Object obj, System.Object[] parameters) [0x00000] in <695d1cc93cca45069c528c15c9fdd749>:0 
  at UnityEditor.EditorAssemblies.ProcessInitializeOnLoadMethodAttributes () [0x00047] in /Users/bokken/buildslave/unity/build/Editor/Mono/EditorAssemblies.cs:154 
UnityEngine.StackTraceUtility:ExtractStackTrace () (at /Users/bokken/buildslave/unity/build/Runtime/Export/Scripting/StackTrace.cs:37)
UnityEngine.DebugLogHandler:LogFormat (UnityEngine.LogType,UnityEngine.Object,string,object[])
UnityEngine.Logger:Log (UnityEngine.LogType,object)
UnityEngine.Debug:LogError (object)
UnityEditor.EditorAssemblies:ProcessInitializeOnLoadMethodAttributes () (at /Users/bokken/buildslave/unity/build/Editor/Mono/EditorAssemblies.cs:158)

(Filename: /Users/bokken/buildslave/unity/build/Editor/Mono/EditorAssemblies.cs Line: 158)

Mono: successfully reloaded assembly
- Completed reload, in  2.644 seconds
Domain Reload Profiling:
	ReloadAssembly (2645ms)
		BeginReloadAssembly (290ms)
			ExecutionOrderSort (0ms)
			DisableScriptedObjects (13ms)
			BackupInstance (0ms)
			ReleaseScriptingObjects (0ms)
			CreateAndSetChildDomain (157ms)
		EndReloadAssembly (2243ms)
			LoadAssemblies (231ms)
			RebuildTransferFunctionScriptingTraits (0ms)
			SetupTypeCache (787ms)
			ReleaseScriptCaches (2ms)
			RebuildScriptCaches (111ms)
			SetupLoadedEditorAssemblies (829ms)
				LogAssemblyErrors (0ms)
				InitializePlatformSupportModulesInManaged (7ms)
				SetLoadedEditorAssemblies (1ms)
				RefreshPlugins (2ms)
				BeforeProcessingInitializeOnLoad (100ms)
				ProcessInitializeOnLoadAttributes (561ms)
				ProcessInitializeOnLoadMethodAttributes (158ms)
				AfterProcessingInitializeOnLoad (2ms)
				EditorAssembliesLoaded (0ms)
			ExecutionOrderSort2 (0ms)
			AwakeInstancesAfterBackupRestoration (33ms)
Platform modules already initialized, skipping
Refreshing native plugins compatible for Editor in 1.42 ms, found 3 plugins.
Preloading 0 native plugins for Editor in 0.00 ms.
Unloading 5616 Unused Serialized files (Serialized files now loaded: 0)
System memory in use before: 397.6 MB.
System memory in use after: 398.1 MB.

Unloading 50 unused Assets to reduce memory usage. Loaded Objects now: 6626.
Total: 7.461696 ms (FindLiveObjects: 0.579575 ms CreateObjectMapping: 0.388530 ms MarkObjects: 6.440758 ms  DeleteObjects: 0.051568 ms)

AssetImportParameters requested are different than current active one (requested -> active):
  custom:video-decoder-ogg-theora: a1e56fd34408186e4bbccfd4996cb3dc -> 
  custom:container-muxer-webm: aa71ff27fc2769a1b78a27578f13a17b -> 
  custom:container-demuxer-webm: 4f35f7cbe854078d1ac9338744f61a02 -> 
  custom:container-demuxer-ogg: 62fdf1f143b41e24485cea50d1cbac27 -> 
  custom:video-encoder-webm-vp8: eb34c28f22e8b96e1ab97ce403110664 -> 
  custom:framework-osx-AVFoundation: b23960f63f64bdc6ff669e2cdcee2391 -> 
  custom:video-decoder-webm-vp8: 9c59270c3fd7afecdb556c50c9e8de78 -> 
  custom:audio-decoder-ogg-vorbis: bf7c407c2cedff20999df2af8eb42d56 -> 
  custom:audio-encoder-webm-vorbis: bf7c407c2cedff20999df2af8eb42d56 -> 
========================================================================
Received Prepare
Registering precompiled user dll's ...
Registered in 0.012791 seconds.
Begin MonoManager ReloadAssembly
Symbol file LoadedFromMemory doesn't match image /Users/anvilnguyen/Documents/GithubLocal/einclair/Library/PackageCache/com.unity.visualscripting@1.6.1/Editor/VisualScripting.Core/Dependencies/YamlDotNet/Unity.VisualScripting.YamlDotNet.dll
Symbol file LoadedFromMemory doesn't match image /Users/anvilnguyen/Documents/GithubLocal/einclair/Library/PackageCache/com.unity.visualscripting@1.6.1/Editor/VisualScripting.Core/Dependencies/DotNetZip/Unity.VisualScripting.IonicZip.dll
Native extension for WindowsStandalone target not found
Native extension for OSXStandalone target not found
Refreshing native plugins compatible for Editor in 1.70 ms, found 3 plugins.
Preloading 0 native plugins for Editor in 0.00 ms.
System.Reflection.TargetInvocationException: Exception has been thrown by the target of an invocation. ---> System.NullReferenceException: Object reference not set to an instance of an object
  at XNodeEditor.NodeEditorAssetModProcessor.OnReloadEditor () [0x0004b] in /Users/anvilnguyen/Documents/GithubLocal/einclair/Library/PackageCache/com.github.siccity.xnode@286b9a167a/Scripts/Editor/NodeEditorAssetModProcessor.cs:55 
  at (wrapper managed-to-native) System.Reflection.MonoMethod.InternalInvoke(System.Reflection.MonoMethod,object,object[],System.Exception&)
  at System.Reflection.MonoMethod.Invoke (System.Object obj, System.Reflection.BindingFlags invokeAttr, System.Reflection.Binder binder, System.Object[] parameters, System.Globalization.CultureInfo culture) [0x00032] in <695d1cc93cca45069c528c15c9fdd749>:0 
   --- End of inner exception stack trace ---
  at System.Reflection.MonoMethod.Invoke (System.Object obj, System.Reflection.BindingFlags invokeAttr, System.Reflection.Binder binder, System.Object[] parameters, System.Globalization.CultureInfo culture) [0x00048] in <695d1cc93cca45069c528c15c9fdd749>:0 
  at System.Reflection.MethodBase.Invoke (System.Object obj, System.Object[] parameters) [0x00000] in <695d1cc93cca45069c528c15c9fdd749>:0 
  at UnityEditor.EditorAssemblies.ProcessInitializeOnLoadMethodAttributes () [0x00047] in /Users/bokken/buildslave/unity/build/Editor/Mono/EditorAssemblies.cs:154 
UnityEngine.StackTraceUtility:ExtractStackTrace () (at /Users/bokken/buildslave/unity/build/Runtime/Export/Scripting/StackTrace.cs:37)
UnityEngine.DebugLogHandler:LogFormat (UnityEngine.LogType,UnityEngine.Object,string,object[])
UnityEngine.Logger:Log (UnityEngine.LogType,object)
UnityEngine.Debug:LogError (object)
UnityEditor.EditorAssemblies:ProcessInitializeOnLoadMethodAttributes () (at /Users/bokken/buildslave/unity/build/Editor/Mono/EditorAssemblies.cs:158)

(Filename: /Users/bokken/buildslave/unity/build/Editor/Mono/EditorAssemblies.cs Line: 158)

Mono: successfully reloaded assembly
- Completed reload, in  2.369 seconds
Domain Reload Profiling:
	ReloadAssembly (2369ms)
		BeginReloadAssembly (233ms)
			ExecutionOrderSort (0ms)
			DisableScriptedObjects (16ms)
			BackupInstance (0ms)
			ReleaseScriptingObjects (0ms)
			CreateAndSetChildDomain (143ms)
		EndReloadAssembly (2043ms)
			LoadAssemblies (109ms)
			RebuildTransferFunctionScriptingTraits (0ms)
			SetupTypeCache (709ms)
			ReleaseScriptCaches (3ms)
			RebuildScriptCaches (96ms)
			SetupLoadedEditorAssemblies (834ms)
				LogAssemblyErrors (0ms)
				InitializePlatformSupportModulesInManaged (6ms)
				SetLoadedEditorAssemblies (1ms)
				RefreshPlugins (2ms)
				BeforeProcessingInitializeOnLoad (100ms)
				ProcessInitializeOnLoadAttributes (520ms)
				ProcessInitializeOnLoadMethodAttributes (202ms)
				AfterProcessingInitializeOnLoad (2ms)
				EditorAssembliesLoaded (0ms)
			ExecutionOrderSort2 (0ms)
			AwakeInstancesAfterBackupRestoration (44ms)
Platform modules already initialized, skipping
Refreshing native plugins compatible for Editor in 1.29 ms, found 3 plugins.
Preloading 0 native plugins for Editor in 0.00 ms.
Unloading 5614 Unused Serialized files (Serialized files now loaded: 0)
System memory in use before: 397.8 MB.
System memory in use after: 398.3 MB.

Unloading 50 unused Assets to reduce memory usage. Loaded Objects now: 6630.
Total: 5.991597 ms (FindLiveObjects: 0.620061 ms CreateObjectMapping: 0.516222 ms MarkObjects: 4.799258 ms  DeleteObjects: 0.054919 ms)

AssetImportParameters requested are different than current active one (requested -> active):
  custom:video-decoder-ogg-theora: a1e56fd34408186e4bbccfd4996cb3dc -> 
  custom:container-muxer-webm: aa71ff27fc2769a1b78a27578f13a17b -> 
  custom:container-demuxer-webm: 4f35f7cbe854078d1ac9338744f61a02 -> 
  custom:container-demuxer-ogg: 62fdf1f143b41e24485cea50d1cbac27 -> 
  custom:video-encoder-webm-vp8: eb34c28f22e8b96e1ab97ce403110664 -> 
  custom:framework-osx-AVFoundation: b23960f63f64bdc6ff669e2cdcee2391 -> 
  custom:video-decoder-webm-vp8: 9c59270c3fd7afecdb556c50c9e8de78 -> 
  custom:audio-decoder-ogg-vorbis: bf7c407c2cedff20999df2af8eb42d56 -> 
  custom:audio-encoder-webm-vorbis: bf7c407c2cedff20999df2af8eb42d56 -> 
========================================================================
Received Prepare
Registering precompiled user dll's ...
Registered in 0.008176 seconds.
Begin MonoManager ReloadAssembly
Symbol file LoadedFromMemory doesn't match image /Users/anvilnguyen/Documents/GithubLocal/einclair/Library/PackageCache/com.unity.visualscripting@1.6.1/Editor/VisualScripting.Core/Dependencies/YamlDotNet/Unity.VisualScripting.YamlDotNet.dll
Symbol file LoadedFromMemory doesn't match image /Users/anvilnguyen/Documents/GithubLocal/einclair/Library/PackageCache/com.unity.visualscripting@1.6.1/Editor/VisualScripting.Core/Dependencies/DotNetZip/Unity.VisualScripting.IonicZip.dll
Native extension for WindowsStandalone target not found
Native extension for OSXStandalone target not found
Refreshing native plugins compatible for Editor in 2.01 ms, found 3 plugins.
Preloading 0 native plugins for Editor in 0.00 ms.
System.Reflection.TargetInvocationException: Exception has been thrown by the target of an invocation. ---> System.NullReferenceException: Object reference not set to an instance of an object
  at XNodeEditor.NodeEditorAssetModProcessor.OnReloadEditor () [0x0004b] in /Users/anvilnguyen/Documents/GithubLocal/einclair/Library/PackageCache/com.github.siccity.xnode@286b9a167a/Scripts/Editor/NodeEditorAssetModProcessor.cs:55 
  at (wrapper managed-to-native) System.Reflection.MonoMethod.InternalInvoke(System.Reflection.MonoMethod,object,object[],System.Exception&)
  at System.Reflection.MonoMethod.Invoke (System.Object obj, System.Reflection.BindingFlags invokeAttr, System.Reflection.Binder binder, System.Object[] parameters, System.Globalization.CultureInfo culture) [0x00032] in <695d1cc93cca45069c528c15c9fdd749>:0 
   --- End of inner exception stack trace ---
  at System.Reflection.MonoMethod.Invoke (System.Object obj, System.Reflection.BindingFlags invokeAttr, System.Reflection.Binder binder, System.Object[] parameters, System.Globalization.CultureInfo culture) [0x00048] in <695d1cc93cca45069c528c15c9fdd749>:0 
  at System.Reflection.MethodBase.Invoke (System.Object obj, System.Object[] parameters) [0x00000] in <695d1cc93cca45069c528c15c9fdd749>:0 
  at UnityEditor.EditorAssemblies.ProcessInitializeOnLoadMethodAttributes () [0x00047] in /Users/bokken/buildslave/unity/build/Editor/Mono/EditorAssemblies.cs:154 
UnityEngine.StackTraceUtility:ExtractStackTrace () (at /Users/bokken/buildslave/unity/build/Runtime/Export/Scripting/StackTrace.cs:37)
UnityEngine.DebugLogHandler:LogFormat (UnityEngine.LogType,UnityEngine.Object,string,object[])
UnityEngine.Logger:Log (UnityEngine.LogType,object)
UnityEngine.Debug:LogError (object)
UnityEditor.EditorAssemblies:ProcessInitializeOnLoadMethodAttributes () (at /Users/bokken/buildslave/unity/build/Editor/Mono/EditorAssemblies.cs:158)

(Filename: /Users/bokken/buildslave/unity/build/Editor/Mono/EditorAssemblies.cs Line: 158)

Mono: successfully reloaded assembly
- Completed reload, in  2.445 seconds
Domain Reload Profiling:
	ReloadAssembly (2446ms)
		BeginReloadAssembly (206ms)
			ExecutionOrderSort (0ms)
			DisableScriptedObjects (12ms)
			BackupInstance (0ms)
			ReleaseScriptingObjects (0ms)
			CreateAndSetChildDomain (123ms)
		EndReloadAssembly (2150ms)
			LoadAssemblies (107ms)
			RebuildTransferFunctionScriptingTraits (0ms)
			SetupTypeCache (685ms)
			ReleaseScriptCaches (3ms)
			RebuildScriptCaches (104ms)
			SetupLoadedEditorAssemblies (942ms)
				LogAssemblyErrors (0ms)
				InitializePlatformSupportModulesInManaged (9ms)
				SetLoadedEditorAssemblies (1ms)
				RefreshPlugins (2ms)
				BeforeProcessingInitializeOnLoad (125ms)
				ProcessInitializeOnLoadAttributes (602ms)
				ProcessInitializeOnLoadMethodAttributes (201ms)
				AfterProcessingInitializeOnLoad (2ms)
				EditorAssembliesLoaded (0ms)
			ExecutionOrderSort2 (0ms)
			AwakeInstancesAfterBackupRestoration (39ms)
Platform modules already initialized, skipping
Refreshing native plugins compatible for Editor in 1.38 ms, found 3 plugins.
Preloading 0 native plugins for Editor in 0.00 ms.
Unloading 5614 Unused Serialized files (Serialized files now loaded: 0)
System memory in use before: 398.2 MB.
System memory in use after: 398.6 MB.

Unloading 50 unused Assets to reduce memory usage. Loaded Objects now: 6634.
Total: 7.000164 ms (FindLiveObjects: 0.762208 ms CreateObjectMapping: 0.623459 ms MarkObjects: 5.555689 ms  DeleteObjects: 0.057561 ms)

AssetImportParameters requested are different than current active one (requested -> active):
  custom:video-decoder-ogg-theora: a1e56fd34408186e4bbccfd4996cb3dc -> 
  custom:container-muxer-webm: aa71ff27fc2769a1b78a27578f13a17b -> 
  custom:container-demuxer-webm: 4f35f7cbe854078d1ac9338744f61a02 -> 
  custom:container-demuxer-ogg: 62fdf1f143b41e24485cea50d1cbac27 -> 
  custom:video-encoder-webm-vp8: eb34c28f22e8b96e1ab97ce403110664 -> 
  custom:framework-osx-AVFoundation: b23960f63f64bdc6ff669e2cdcee2391 -> 
  custom:video-decoder-webm-vp8: 9c59270c3fd7afecdb556c50c9e8de78 -> 
  custom:audio-decoder-ogg-vorbis: bf7c407c2cedff20999df2af8eb42d56 -> 
  custom:audio-encoder-webm-vorbis: bf7c407c2cedff20999df2af8eb42d56 -> 
========================================================================
Received Prepare
Registering precompiled user dll's ...
Registered in 0.005201 seconds.
Begin MonoManager ReloadAssembly
Symbol file LoadedFromMemory doesn't match image /Users/anvilnguyen/Documents/GithubLocal/einclair/Library/PackageCache/com.unity.visualscripting@1.6.1/Editor/VisualScripting.Core/Dependencies/YamlDotNet/Unity.VisualScripting.YamlDotNet.dll
Symbol file LoadedFromMemory doesn't match image /Users/anvilnguyen/Documents/GithubLocal/einclair/Library/PackageCache/com.unity.visualscripting@1.6.1/Editor/VisualScripting.Core/Dependencies/DotNetZip/Unity.VisualScripting.IonicZip.dll
Native extension for WindowsStandalone target not found
Native extension for OSXStandalone target not found
Refreshing native plugins compatible for Editor in 1.85 ms, found 3 plugins.
Preloading 0 native plugins for Editor in 0.00 ms.
System.Reflection.TargetInvocationException: Exception has been thrown by the target of an invocation. ---> System.NullReferenceException: Object reference not set to an instance of an object
  at XNodeEditor.NodeEditorAssetModProcessor.OnReloadEditor () [0x0004b] in /Users/anvilnguyen/Documents/GithubLocal/einclair/Library/PackageCache/com.github.siccity.xnode@286b9a167a/Scripts/Editor/NodeEditorAssetModProcessor.cs:55 
  at (wrapper managed-to-native) System.Reflection.MonoMethod.InternalInvoke(System.Reflection.MonoMethod,object,object[],System.Exception&)
  at System.Reflection.MonoMethod.Invoke (System.Object obj, System.Reflection.BindingFlags invokeAttr, System.Reflection.Binder binder, System.Object[] parameters, System.Globalization.CultureInfo culture) [0x00032] in <695d1cc93cca45069c528c15c9fdd749>:0 
   --- End of inner exception stack trace ---
  at System.Reflection.MonoMethod.Invoke (System.Object obj, System.Reflection.BindingFlags invokeAttr, System.Reflection.Binder binder, System.Object[] parameters, System.Globalization.CultureInfo culture) [0x00048] in <695d1cc93cca45069c528c15c9fdd749>:0 
  at System.Reflection.MethodBase.Invoke (System.Object obj, System.Object[] parameters) [0x00000] in <695d1cc93cca45069c528c15c9fdd749>:0 
  at UnityEditor.EditorAssemblies.ProcessInitializeOnLoadMethodAttributes () [0x00047] in /Users/bokken/buildslave/unity/build/Editor/Mono/EditorAssemblies.cs:154 
UnityEngine.StackTraceUtility:ExtractStackTrace () (at /Users/bokken/buildslave/unity/build/Runtime/Export/Scripting/StackTrace.cs:37)
UnityEngine.DebugLogHandler:LogFormat (UnityEngine.LogType,UnityEngine.Object,string,object[])
UnityEngine.Logger:Log (UnityEngine.LogType,object)
UnityEngine.Debug:LogError (object)
UnityEditor.EditorAssemblies:ProcessInitializeOnLoadMethodAttributes () (at /Users/bokken/buildslave/unity/build/Editor/Mono/EditorAssemblies.cs:158)

(Filename: /Users/bokken/buildslave/unity/build/Editor/Mono/EditorAssemblies.cs Line: 158)

Mono: successfully reloaded assembly
- Completed reload, in  2.565 seconds
Domain Reload Profiling:
	ReloadAssembly (2566ms)
		BeginReloadAssembly (237ms)
			ExecutionOrderSort (0ms)
			DisableScriptedObjects (14ms)
			BackupInstance (0ms)
			ReleaseScriptingObjects (0ms)
			CreateAndSetChildDomain (145ms)
		EndReloadAssembly (2232ms)
			LoadAssemblies (138ms)
			RebuildTransferFunctionScriptingTraits (0ms)
			SetupTypeCache (753ms)
			ReleaseScriptCaches (2ms)
			RebuildScriptCaches (129ms)
			SetupLoadedEditorAssemblies (905ms)
				LogAssemblyErrors (0ms)
				InitializePlatformSupportModulesInManaged (7ms)
				SetLoadedEditorAssemblies (1ms)
				RefreshPlugins (2ms)
				BeforeProcessingInitializeOnLoad (104ms)
				ProcessInitializeOnLoadAttributes (567ms)
				ProcessInitializeOnLoadMethodAttributes (221ms)
				AfterProcessingInitializeOnLoad (2ms)
				EditorAssembliesLoaded (0ms)
			ExecutionOrderSort2 (0ms)
			AwakeInstancesAfterBackupRestoration (47ms)
Platform modules already initialized, skipping
Refreshing native plugins compatible for Editor in 1.49 ms, found 3 plugins.
Preloading 0 native plugins for Editor in 0.00 ms.
Unloading 5614 Unused Serialized files (Serialized files now loaded: 0)
System memory in use before: 398.5 MB.
System memory in use after: 399.0 MB.

Unloading 50 unused Assets to reduce memory usage. Loaded Objects now: 6638.
Total: 8.164523 ms (FindLiveObjects: 0.716921 ms CreateObjectMapping: 0.548375 ms MarkObjects: 6.844253 ms  DeleteObjects: 0.053697 ms)

AssetImportParameters requested are different than current active one (requested -> active):
  custom:video-decoder-ogg-theora: a1e56fd34408186e4bbccfd4996cb3dc -> 
  custom:container-muxer-webm: aa71ff27fc2769a1b78a27578f13a17b -> 
  custom:container-demuxer-webm: 4f35f7cbe854078d1ac9338744f61a02 -> 
  custom:container-demuxer-ogg: 62fdf1f143b41e24485cea50d1cbac27 -> 
  custom:video-encoder-webm-vp8: eb34c28f22e8b96e1ab97ce403110664 -> 
  custom:framework-osx-AVFoundation: b23960f63f64bdc6ff669e2cdcee2391 -> 
  custom:video-decoder-webm-vp8: 9c59270c3fd7afecdb556c50c9e8de78 -> 
  custom:audio-decoder-ogg-vorbis: bf7c407c2cedff20999df2af8eb42d56 -> 
  custom:audio-encoder-webm-vorbis: bf7c407c2cedff20999df2af8eb42d56 -> 
========================================================================
Received Import Request.
  Time since last request: 5453.254060 seconds.
  path: Assets/Scenes/Official/Loading.unity
  artifactKey: Guid(47baa0cb29ffe46498d78cfbc07e7904) Importer(815301076,1909f56bfc062723c751e8b465ee728b)
Start importing Assets/Scenes/Official/Loading.unity using Guid(47baa0cb29ffe46498d78cfbc07e7904) Importer(815301076,1909f56bfc062723c751e8b465ee728b)  -> (artifact id: '258b335ad790663f72fb6a0a57ed8f16') in 0.034214 seconds 
========================================================================
Received Import Request.
  Time since last request: 7.715589 seconds.
  path: Assets/Scenes/Official/Shaft1.unity
  artifactKey: Guid(7978c77403ca54aad95ce7a9a9b3cff8) Importer(815301076,1909f56bfc062723c751e8b465ee728b)
Start importing Assets/Scenes/Official/Shaft1.unity using Guid(7978c77403ca54aad95ce7a9a9b3cff8) Importer(815301076,1909f56bfc062723c751e8b465ee728b)  -> (artifact id: 'f30c7566478bfd4d934917232cdeb5d1') in 0.009168 seconds 
========================================================================
Received Import Request.
  Time since last request: 2.499836 seconds.
  path: Assets/Scenes/Official/Root.unity
  artifactKey: Guid(268fa69b29cb14846b5d1c3e8ac1e610) Importer(815301076,1909f56bfc062723c751e8b465ee728b)
Start importing Assets/Scenes/Official/Root.unity using Guid(268fa69b29cb14846b5d1c3e8ac1e610) Importer(815301076,1909f56bfc062723c751e8b465ee728b)  -> (artifact id: 'e4d9c731d67d795e4ec1292095b06c39') in 0.007872 seconds 
========================================================================
Received Import Request.
  Time since last request: 5.349442 seconds.
  path: Assets/Scenes/Template.unity
  artifactKey: Guid(6c77693d8674e45cfb72e2ae9864f4cd) Importer(815301076,1909f56bfc062723c751e8b465ee728b)
Start importing Assets/Scenes/Template.unity using Guid(6c77693d8674e45cfb72e2ae9864f4cd) Importer(815301076,1909f56bfc062723c751e8b465ee728b)  -> (artifact id: '921dfb895de9d521f6b1499e6b1f152c') in 0.007076 seconds 
