Using pre-set license
Pro License: NO

 COMMAND LINE ARGUMENTS:
/Applications/Unity/Hub/Editor/2021.1.17f1/Unity.app/Contents/MacOS/Unity
-adb2
-batchMode
-noUpm
-name
AssetImportWorker1
-projectPath
/Users/anvilnguyen/Documents/GithubLocal/einclair
-logFile
Logs/AssetImportWorker1.log
-srvPort
49473
Successfully changed project path to: /Users/anvilnguyen/Documents/GithubLocal/einclair
/Users/anvilnguyen/Documents/GithubLocal/einclair
Using Asset Import Pipeline V2.
Refreshing native plugins compatible for Editor in 106.45 ms, found 3 plugins.
Preloading 0 native plugins for Editor in 0.00 ms.
Initialize engine version: 2021.1.17f1 (03b40fe07a36)
[Subsystems] Discovering subsystems at path /Applications/Unity/Hub/Editor/2021.1.17f1/Unity.app/Contents/Resources/UnitySubsystems
[Subsystems] Discovering subsystems at path /Users/anvilnguyen/Documents/GithubLocal/einclair/Assets
GfxDevice: creating device client; threaded=0; jobified=0
2021-12-19 16:31:51.229 Unity[15263:218451] DELL S2719DM preferred device: AMD Radeon Pro 560 (high power)
2021-12-19 16:31:51.229 Unity[15263:218451] Metal devices available: 2
2021-12-19 16:31:51.229 Unity[15263:218451] 0: AMD Radeon Pro 560 (high power)
2021-12-19 16:31:51.229 Unity[15263:218451] 1: Intel(R) HD Graphics 630 (low power)
2021-12-19 16:31:51.230 Unity[15263:218451] Using device AMD Radeon Pro 560 (high power)
Initializing Metal device caps: AMD Radeon Pro 560
Initialize mono
Mono path[0] = '/Applications/Unity/Hub/Editor/2021.1.17f1/Unity.app/Contents/Managed'
Mono path[1] = '/Applications/Unity/Hub/Editor/2021.1.17f1/Unity.app/Contents/MonoBleedingEdge/lib/mono/unityjit'
Mono config path = '/Applications/Unity/Hub/Editor/2021.1.17f1/Unity.app/Contents/MonoBleedingEdge/etc'
Using monoOptions --debugger-agent=transport=dt_socket,embedding=1,server=y,suspend=n,address=127.0.0.1:56263
Begin MonoManager ReloadAssembly
Registering precompiled unity dll's ...
Register platform support module: /Applications/Unity/Hub/Editor/2021.1.17f1/Unity.app/Contents/PlaybackEngines/MacStandaloneSupport/UnityEditor.OSXStandalone.Extensions.dll
Register platform support module: /Applications/Unity/Hub/Editor/2021.1.17f1/PlaybackEngines/WindowsStandaloneSupport/UnityEditor.WindowsStandalone.Extensions.dll
Registered in 0.000723 seconds.
Native extension for WindowsStandalone target not found
Native extension for OSXStandalone target not found
Refreshing native plugins compatible for Editor in 102.78 ms, found 3 plugins.
Preloading 0 native plugins for Editor in 0.00 ms.
Mono: successfully reloaded assembly
- Completed reload, in  3.518 seconds
Domain Reload Profiling:
	ReloadAssembly (3518ms)
		BeginReloadAssembly (90ms)
			ExecutionOrderSort (0ms)
			DisableScriptedObjects (0ms)
			BackupInstance (0ms)
			ReleaseScriptingObjects (0ms)
			CreateAndSetChildDomain (1ms)
		EndReloadAssembly (729ms)
			LoadAssemblies (89ms)
			RebuildTransferFunctionScriptingTraits (0ms)
			SetupTypeCache (285ms)
			ReleaseScriptCaches (0ms)
			RebuildScriptCaches (52ms)
			SetupLoadedEditorAssemblies (332ms)
				LogAssemblyErrors (0ms)
				InitializePlatformSupportModulesInManaged (9ms)
				SetLoadedEditorAssemblies (0ms)
				RefreshPlugins (103ms)
				BeforeProcessingInitializeOnLoad (2ms)
				ProcessInitializeOnLoadAttributes (171ms)
				ProcessInitializeOnLoadMethodAttributes (46ms)
				AfterProcessingInitializeOnLoad (0ms)
				EditorAssembliesLoaded (0ms)
			ExecutionOrderSort2 (0ms)
			AwakeInstancesAfterBackupRestoration (0ms)
Platform modules already initialized, skipping
Registering precompiled user dll's ...
Registered in 0.007387 seconds.
Begin MonoManager ReloadAssembly
Native extension for WindowsStandalone target not found
Native extension for OSXStandalone target not found
Refreshing native plugins compatible for Editor in 106.41 ms, found 3 plugins.
Preloading 0 native plugins for Editor in 0.00 ms.
Mono: successfully reloaded assembly
- Completed reload, in  2.423 seconds
Domain Reload Profiling:
	ReloadAssembly (2424ms)
		BeginReloadAssembly (218ms)
			ExecutionOrderSort (0ms)
			DisableScriptedObjects (7ms)
			BackupInstance (0ms)
			ReleaseScriptingObjects (0ms)
			CreateAndSetChildDomain (48ms)
		EndReloadAssembly (2116ms)
			LoadAssemblies (175ms)
			RebuildTransferFunctionScriptingTraits (0ms)
			SetupTypeCache (700ms)
			ReleaseScriptCaches (1ms)
			RebuildScriptCaches (121ms)
			SetupLoadedEditorAssemblies (927ms)
				LogAssemblyErrors (0ms)
				InitializePlatformSupportModulesInManaged (6ms)
				SetLoadedEditorAssemblies (0ms)
				RefreshPlugins (106ms)
				BeforeProcessingInitializeOnLoad (107ms)
				ProcessInitializeOnLoadAttributes (540ms)
				ProcessInitializeOnLoadMethodAttributes (164ms)
				AfterProcessingInitializeOnLoad (2ms)
				EditorAssembliesLoaded (0ms)
			ExecutionOrderSort2 (0ms)
			AwakeInstancesAfterBackupRestoration (16ms)
Platform modules already initialized, skipping
========================================================================
Worker process is ready to serve import requests
Launching external process: /Applications/Unity/Hub/Editor/2021.1.17f1/Unity.app/Contents/Tools/UnityShaderCompiler
Launched and connected shader compiler UnityShaderCompiler after 0.03 seconds
Refreshing native plugins compatible for Editor in 1.06 ms, found 3 plugins.
Preloading 0 native plugins for Editor in 0.00 ms.
Unloading 4096 Unused Serialized files (Serialized files now loaded: 0)
System memory in use before: 327.7 MB.
System memory in use after: 328.0 MB.

Unloading 81 unused Assets to reduce memory usage. Loaded Objects now: 4556.
Total: 4.840844 ms (FindLiveObjects: 0.342286 ms CreateObjectMapping: 0.244468 ms MarkObjects: 4.203074 ms  DeleteObjects: 0.049890 ms)

AssetImportParameters requested are different than current active one (requested -> active):
  custom:video-decoder-ogg-theora: a1e56fd34408186e4bbccfd4996cb3dc -> 
  custom:container-muxer-webm: aa71ff27fc2769a1b78a27578f13a17b -> 
  custom:container-demuxer-webm: 4f35f7cbe854078d1ac9338744f61a02 -> 
  custom:container-demuxer-ogg: 62fdf1f143b41e24485cea50d1cbac27 -> 
  custom:video-encoder-webm-vp8: eb34c28f22e8b96e1ab97ce403110664 -> 
  custom:framework-osx-AVFoundation: b23960f63f64bdc6ff669e2cdcee2391 -> 
  custom:video-decoder-webm-vp8: 9c59270c3fd7afecdb556c50c9e8de78 -> 
  custom:audio-decoder-ogg-vorbis: bf7c407c2cedff20999df2af8eb42d56 -> 
  custom:audio-encoder-webm-vorbis: bf7c407c2cedff20999df2af8eb42d56 -> 
========================================================================
Received Prepare
Registering precompiled user dll's ...
Registered in 0.005404 seconds.
Begin MonoManager ReloadAssembly
Native extension for WindowsStandalone target not found
Native extension for OSXStandalone target not found
Refreshing native plugins compatible for Editor in 1.03 ms, found 3 plugins.
Preloading 0 native plugins for Editor in 0.00 ms.
System.Reflection.TargetInvocationException: Exception has been thrown by the target of an invocation. ---> System.NullReferenceException: Object reference not set to an instance of an object
  at XNodeEditor.NodeEditorAssetModProcessor.OnReloadEditor () [0x0004b] in /Users/anvilnguyen/Documents/GithubLocal/einclair/Library/PackageCache/com.github.siccity.xnode@286b9a167a/Scripts/Editor/NodeEditorAssetModProcessor.cs:55 
  at (wrapper managed-to-native) System.Reflection.MonoMethod.InternalInvoke(System.Reflection.MonoMethod,object,object[],System.Exception&)
  at System.Reflection.MonoMethod.Invoke (System.Object obj, System.Reflection.BindingFlags invokeAttr, System.Reflection.Binder binder, System.Object[] parameters, System.Globalization.CultureInfo culture) [0x00032] in <695d1cc93cca45069c528c15c9fdd749>:0 
   --- End of inner exception stack trace ---
  at System.Reflection.MonoMethod.Invoke (System.Object obj, System.Reflection.BindingFlags invokeAttr, System.Reflection.Binder binder, System.Object[] parameters, System.Globalization.CultureInfo culture) [0x00048] in <695d1cc93cca45069c528c15c9fdd749>:0 
  at System.Reflection.MethodBase.Invoke (System.Object obj, System.Object[] parameters) [0x00000] in <695d1cc93cca45069c528c15c9fdd749>:0 
  at UnityEditor.EditorAssemblies.ProcessInitializeOnLoadMethodAttributes () [0x00047] in /Users/bokken/buildslave/unity/build/Editor/Mono/EditorAssemblies.cs:154 
UnityEngine.StackTraceUtility:ExtractStackTrace () (at /Users/bokken/buildslave/unity/build/Runtime/Export/Scripting/StackTrace.cs:37)
UnityEngine.DebugLogHandler:LogFormat (UnityEngine.LogType,UnityEngine.Object,string,object[])
UnityEngine.Logger:Log (UnityEngine.LogType,object)
UnityEngine.Debug:LogError (object)
UnityEditor.EditorAssemblies:ProcessInitializeOnLoadMethodAttributes () (at /Users/bokken/buildslave/unity/build/Editor/Mono/EditorAssemblies.cs:158)

(Filename: /Users/bokken/buildslave/unity/build/Editor/Mono/EditorAssemblies.cs Line: 158)

Mono: successfully reloaded assembly
- Completed reload, in  1.849 seconds
Domain Reload Profiling:
	ReloadAssembly (1850ms)
		BeginReloadAssembly (185ms)
			ExecutionOrderSort (0ms)
			DisableScriptedObjects (8ms)
			BackupInstance (0ms)
			ReleaseScriptingObjects (0ms)
			CreateAndSetChildDomain (105ms)
		EndReloadAssembly (1580ms)
			LoadAssemblies (97ms)
			RebuildTransferFunctionScriptingTraits (2ms)
			SetupTypeCache (547ms)
			ReleaseScriptCaches (2ms)
			RebuildScriptCaches (87ms)
			SetupLoadedEditorAssemblies (672ms)
				LogAssemblyErrors (0ms)
				InitializePlatformSupportModulesInManaged (6ms)
				SetLoadedEditorAssemblies (1ms)
				RefreshPlugins (1ms)
				BeforeProcessingInitializeOnLoad (71ms)
				ProcessInitializeOnLoadAttributes (473ms)
				ProcessInitializeOnLoadMethodAttributes (119ms)
				AfterProcessingInitializeOnLoad (1ms)
				EditorAssembliesLoaded (0ms)
			ExecutionOrderSort2 (0ms)
			AwakeInstancesAfterBackupRestoration (14ms)
Platform modules already initialized, skipping
Refreshing native plugins compatible for Editor in 0.95 ms, found 3 plugins.
Preloading 0 native plugins for Editor in 0.00 ms.
Unloading 3957 Unused Serialized files (Serialized files now loaded: 0)
System memory in use before: 325.2 MB.
System memory in use after: 325.5 MB.

Unloading 37 unused Assets to reduce memory usage. Loaded Objects now: 4560.
Total: 4.835330 ms (FindLiveObjects: 0.343577 ms CreateObjectMapping: 0.222567 ms MarkObjects: 4.241141 ms  DeleteObjects: 0.026955 ms)

AssetImportParameters requested are different than current active one (requested -> active):
  custom:video-decoder-ogg-theora: a1e56fd34408186e4bbccfd4996cb3dc -> 
  custom:container-muxer-webm: aa71ff27fc2769a1b78a27578f13a17b -> 
  custom:container-demuxer-webm: 4f35f7cbe854078d1ac9338744f61a02 -> 
  custom:container-demuxer-ogg: 62fdf1f143b41e24485cea50d1cbac27 -> 
  custom:video-encoder-webm-vp8: eb34c28f22e8b96e1ab97ce403110664 -> 
  custom:framework-osx-AVFoundation: b23960f63f64bdc6ff669e2cdcee2391 -> 
  custom:video-decoder-webm-vp8: 9c59270c3fd7afecdb556c50c9e8de78 -> 
  custom:audio-decoder-ogg-vorbis: bf7c407c2cedff20999df2af8eb42d56 -> 
  custom:audio-encoder-webm-vorbis: bf7c407c2cedff20999df2af8eb42d56 -> 
========================================================================
Received Import Request.
  path: Assets/Material/Post Processing.mat
  artifactKey: Guid(1671deb63b7a24877b4f2447811d736b) Importer(2089858483,934ff659095e30574adcf32a4c2f97b5)
Start importing Assets/Material/Post Processing.mat using Guid(1671deb63b7a24877b4f2447811d736b) Importer(2089858483,934ff659095e30574adcf32a4c2f97b5)  -> (artifact id: '881deeb940890115b1d9517d05f9077a') in 0.349249 seconds 
========================================================================
Received Import Request.
  Time since last request: 0.000248 seconds.
  path: Assets/Material/Menu Post Processing.mat
  artifactKey: Guid(dd7cbec6ee5ed498589a45bfc1003f88) Importer(2089858483,934ff659095e30574adcf32a4c2f97b5)
Start importing Assets/Material/Menu Post Processing.mat using Guid(dd7cbec6ee5ed498589a45bfc1003f88) Importer(2089858483,934ff659095e30574adcf32a4c2f97b5)  -> (artifact id: 'ed0a89973ee1a3b669de0b1015bd4ceb') in 0.007248 seconds 
========================================================================
Received Import Request.
  Time since last request: 0.000234 seconds.
  path: Assets/Material/Menu Glow.mat
  artifactKey: Guid(a108ee38d1ff1443e8e2bcf2fd87316f) Importer(2089858483,934ff659095e30574adcf32a4c2f97b5)
Start importing Assets/Material/Menu Glow.mat using Guid(a108ee38d1ff1443e8e2bcf2fd87316f) Importer(2089858483,934ff659095e30574adcf32a4c2f97b5)  -> (artifact id: '9df7ea77ff1718d9c7e46490252eec4b') in 0.005271 seconds 
========================================================================
Received Import Request.
  Time since last request: 0.000386 seconds.
  path: Assets/Scenes/Levels/MainMenu.unity
  artifactKey: Guid(fbd9c48ed9bee409da7629c01fe8aef1) Importer(2089858483,934ff659095e30574adcf32a4c2f97b5)
Start importing Assets/Scenes/Levels/MainMenu.unity using Guid(fbd9c48ed9bee409da7629c01fe8aef1) Importer(2089858483,934ff659095e30574adcf32a4c2f97b5)  -> (artifact id: '4fd2b955a34b503e2df0d4fc7d62a304') in 0.006589 seconds 
========================================================================
Received Import Request.
  Time since last request: 0.000315 seconds.
  path: Assets/Textures/Font/Orbitron-VariableFont_wght SDF.asset
  artifactKey: Guid(29d58956a38af4862bd6d34ca3ceff4f) Importer(2089858483,934ff659095e30574adcf32a4c2f97b5)
Start importing Assets/Textures/Font/Orbitron-VariableFont_wght SDF.asset using Guid(29d58956a38af4862bd6d34ca3ceff4f) Importer(2089858483,934ff659095e30574adcf32a4c2f97b5)  -> (artifact id: '7395c2068528c93b0ddd87128a5073ef') in 0.220613 seconds 
========================================================================
Received Import Request.
  Time since last request: 0.000264 seconds.
  path: Assets/Prefab/DeepSea/Hammerdude/Hammerdude.mat
  artifactKey: Guid(0105973adaefd4a6a81c027a2230efb3) Importer(2089858483,934ff659095e30574adcf32a4c2f97b5)
Start importing Assets/Prefab/DeepSea/Hammerdude/Hammerdude.mat using Guid(0105973adaefd4a6a81c027a2230efb3) Importer(2089858483,934ff659095e30574adcf32a4c2f97b5)  -> (artifact id: '1c7408b64588fca0ccdaf856845ff881') in 0.008481 seconds 
========================================================================
Received Import Request.
  Time since last request: 0.000228 seconds.
  path: Assets/Scenes/Levels/TemplateDeepSea.unity
  artifactKey: Guid(007aa808c00174f6aaa25380613e4a9a) Importer(2089858483,934ff659095e30574adcf32a4c2f97b5)
Start importing Assets/Scenes/Levels/TemplateDeepSea.unity using Guid(007aa808c00174f6aaa25380613e4a9a) Importer(2089858483,934ff659095e30574adcf32a4c2f97b5)  -> (artifact id: '051f25e66cfc8b1f2c1e475247360f63') in 0.004711 seconds 
========================================================================
Received Import Request.
  Time since last request: 0.000202 seconds.
  path: Assets/Art/Assets/DeepSea/Menu.png
  artifactKey: Guid(e9581697ae953411a9cbec1649fdd4c5) Importer(2089858483,934ff659095e30574adcf32a4c2f97b5)
Start importing Assets/Art/Assets/DeepSea/Menu.png using Guid(e9581697ae953411a9cbec1649fdd4c5) Importer(2089858483,934ff659095e30574adcf32a4c2f97b5)  -> (artifact id: 'd618a7e4eced36b2d5bf136871afb313') in 0.313210 seconds 
========================================================================
Received Import Request.
  Time since last request: 0.000267 seconds.
  path: Assets/Prefab/DeepSea/Decoration/Decoration.mat
  artifactKey: Guid(42cca934b12474f6aa1fcefae399babf) Importer(2089858483,934ff659095e30574adcf32a4c2f97b5)
Start importing Assets/Prefab/DeepSea/Decoration/Decoration.mat using Guid(42cca934b12474f6aa1fcefae399babf) Importer(2089858483,934ff659095e30574adcf32a4c2f97b5)  -> (artifact id: '8aa4e3a3d169f1e0fa759e5dee3bc4fa') in 0.006003 seconds 
========================================================================
Received Import Request.
  Time since last request: 0.000268 seconds.
  path: Assets/Prefab/DeepSea/Decoration/Decoration Behind.prefab
  artifactKey: Guid(ca81e09e9e0f94c43bd8612e4003ae81) Importer(2089858483,934ff659095e30574adcf32a4c2f97b5)
Start importing Assets/Prefab/DeepSea/Decoration/Decoration Behind.prefab using Guid(ca81e09e9e0f94c43bd8612e4003ae81) Importer(2089858483,934ff659095e30574adcf32a4c2f97b5)  -> (artifact id: 'aea9fecbbfd65e3621ec0fb931213434') in 0.187213 seconds 
========================================================================
Received Import Request.
  Time since last request: 0.000345 seconds.
  path: Assets/Prefab/DeepSea/Decoration/Decoration Foreground Variant.prefab
  artifactKey: Guid(28f188d67db1a493eb11f9ae74ba5bdb) Importer(2089858483,934ff659095e30574adcf32a4c2f97b5)
Start importing Assets/Prefab/DeepSea/Decoration/Decoration Foreground Variant.prefab using Guid(28f188d67db1a493eb11f9ae74ba5bdb) Importer(2089858483,934ff659095e30574adcf32a4c2f97b5)  -> (artifact id: '7c8c0c29c168a31416f6a59ed58ad266') in 0.008361 seconds 
========================================================================
Received Import Request.
  Time since last request: 0.000504 seconds.
  path: Assets/Scenes/Testing Environment/Global Volume Profile.asset
  artifactKey: Guid(87ea5381e70d14c2aa9e890e174eeed1) Importer(2089858483,934ff659095e30574adcf32a4c2f97b5)
Start importing Assets/Scenes/Testing Environment/Global Volume Profile.asset using Guid(87ea5381e70d14c2aa9e890e174eeed1) Importer(2089858483,934ff659095e30574adcf32a4c2f97b5)  -> (artifact id: '475a97a76bb63b955cd11e9169dd1c8d') in 0.024673 seconds 
========================================================================
Received Import Request.
  Time since last request: 0.000271 seconds.
  path: Assets/Prefab/DeepSea/Decoration
  artifactKey: Guid(096a423d3986349bbbdaf700a98cbfe5) Importer(2089858483,934ff659095e30574adcf32a4c2f97b5)
Start importing Assets/Prefab/DeepSea/Decoration using Guid(096a423d3986349bbbdaf700a98cbfe5) Importer(2089858483,934ff659095e30574adcf32a4c2f97b5)  -> (artifact id: 'e187ed4f63f52e0a046290d42ba76dd2') in 0.005419 seconds 
========================================================================
Received Import Request.
  Time since last request: 0.000331 seconds.
  path: Assets/Art/Assets/DeepSea/Menu Emission.png
  artifactKey: Guid(dd45124c3c01942e8a0d9a84f6d5fb47) Importer(2089858483,934ff659095e30574adcf32a4c2f97b5)
Start importing Assets/Art/Assets/DeepSea/Menu Emission.png using Guid(dd45124c3c01942e8a0d9a84f6d5fb47) Importer(2089858483,934ff659095e30574adcf32a4c2f97b5)  -> (artifact id: '59818f45319cd3ff6e048f6a272171ce') in 0.012143 seconds 
========================================================================
Received Import Request.
  Time since last request: 0.000377 seconds.
  path: Assets/Scenes/Levels/DeepSea3.unity
  artifactKey: Guid(747addcd898ec7642bd8880bb1cbd531) Importer(2089858483,934ff659095e30574adcf32a4c2f97b5)
Start importing Assets/Scenes/Levels/DeepSea3.unity using Guid(747addcd898ec7642bd8880bb1cbd531) Importer(2089858483,934ff659095e30574adcf32a4c2f97b5)  -> (artifact id: 'd47614c12911c86a64d3c34be96f82c6') in 0.007745 seconds 
========================================================================
Received Import Request.
  Time since last request: 11.738874 seconds.
  path: Assets/Art/Assets/DeepSea/Decoration.png
  artifactKey: Guid(ca34fc76bea0f4cf3910bcf33504e1ff) Importer(815301076,1909f56bfc062723c751e8b465ee728b)
Start importing Assets/Art/Assets/DeepSea/Decoration.png using Guid(ca34fc76bea0f4cf3910bcf33504e1ff) Importer(815301076,1909f56bfc062723c751e8b465ee728b)  -> (artifact id: 'c9b93657c6f5e6120ed0f8a53ffa41ac') in 0.158889 seconds 
========================================================================
Received Import Request.
  Time since last request: 19.313538 seconds.
  path: Assets/[dump]/Tiles/Decoration_1.asset
  artifactKey: Guid(aa4b087bdb3d341fd862f38b337c335a) Importer(2089858483,934ff659095e30574adcf32a4c2f97b5)
Start importing Assets/[dump]/Tiles/Decoration_1.asset using Guid(aa4b087bdb3d341fd862f38b337c335a) Importer(2089858483,934ff659095e30574adcf32a4c2f97b5)  -> (artifact id: 'cb77bb166dfe39618f85f9752e45fafa') in 0.012345 seconds 
========================================================================
Received Import Request.
  Time since last request: 0.000288 seconds.
  path: Assets/Material/Post Processing.mat
  artifactKey: Guid(1671deb63b7a24877b4f2447811d736b) Importer(2089858483,934ff659095e30574adcf32a4c2f97b5)
Start importing Assets/Material/Post Processing.mat using Guid(1671deb63b7a24877b4f2447811d736b) Importer(2089858483,934ff659095e30574adcf32a4c2f97b5)  -> (artifact id: '255e85c89527a2b91061f1986688a915') in 0.009026 seconds 
========================================================================
Received Import Request.
  Time since last request: 0.000277 seconds.
  path: Assets/[dump]/Tile Palettes/Ship.prefab
  artifactKey: Guid(101786ceeeb8f4269b0cc6f2b17906fa) Importer(2089858483,934ff659095e30574adcf32a4c2f97b5)
Start importing Assets/[dump]/Tile Palettes/Ship.prefab using Guid(101786ceeeb8f4269b0cc6f2b17906fa) Importer(2089858483,934ff659095e30574adcf32a4c2f97b5)  -> (artifact id: '5664f47f989c305b581486f06bbfca29') in 0.014227 seconds 
========================================================================
Received Import Request.
  Time since last request: 45.574777 seconds.
  path: Assets/Scenes/Levels/TemplateDeepSea.unity
  artifactKey: Guid(007aa808c00174f6aaa25380613e4a9a) Importer(815301076,1909f56bfc062723c751e8b465ee728b)
Start importing Assets/Scenes/Levels/TemplateDeepSea.unity using Guid(007aa808c00174f6aaa25380613e4a9a) Importer(815301076,1909f56bfc062723c751e8b465ee728b)  -> (artifact id: 'e52334b5965e8f91f9aeb2446fefcaab') in 0.006748 seconds 
========================================================================
Received Import Request.
  Time since last request: 44.985684 seconds.
  path: Assets/Scenes/Levels/TemplateDeepSea.unity
  artifactKey: Guid(007aa808c00174f6aaa25380613e4a9a) Importer(2089858483,934ff659095e30574adcf32a4c2f97b5)
Start importing Assets/Scenes/Levels/TemplateDeepSea.unity using Guid(007aa808c00174f6aaa25380613e4a9a) Importer(2089858483,934ff659095e30574adcf32a4c2f97b5)  -> (artifact id: 'd57ddd7947c015ad55f13d33b1476806') in 0.009261 seconds 
